-------------------------------------------------------
 T E S T S
-------------------------------------------------------
Running com.hp.ccp.secsto.dsfs.combination_test.AdhocTest
Tests run: 1, Failures: 0, Errors: 0, Skipped: 0, Time elapsed: 12.933 sec
Running com.hp.ccp.secsto.testfs.DsFSTests
2015-11-16 17:09:56 INFO  utils.MasterkeyGenerator:95 - Master key generated successfully.
2015-11-16 17:09:56 INFO  utils.MasterkeyGenerator:95 - Master key generated successfully.


Executing @BeforeClass setup routine.


2015-11-16 17:09:56 INFO  testcoretests.DsTest1:96 - DataStoreHpTest constructor
2015-11-16 17:09:56 INFO  testcore.DataStoreTester:156 - ----------- testPutObjectWithNullFile-----------
2015-11-16 17:09:56 INFO  utils.MasterkeyGenerator:95 - Master key generated successfully.
2015-11-16 17:09:56 INFO  utils.MasterkeyGenerator:95 - Master key generated successfully.
2015-11-16 17:09:56 INFO  dsfs.FSDataStoreImpl:1294 - DataStoreException: [INVALID_ARGUMENT] Invalid argument: Container name cann't be null or an empty string.
2015-11-16 17:09:56 INFO  testcoretests.DsTest1:96 - DataStoreHpTest constructor
2015-11-16 17:09:56 INFO  testcore.DataStoreTester:156 - ----------- testGetObjectWithInputStream-----------
2015-11-16 17:09:56 INFO  utils.MasterkeyGenerator:95 - Master key generated successfully.
2015-11-16 17:09:56 INFO  utils.MasterkeyGenerator:95 - Master key generated successfully.
2015-11-16 17:09:56 INFO  testcore.DataStoreTester:164 - ----------- DONE testGetObjectWithInputStream-----------
2015-11-16 17:09:56 INFO  testcoretests.DsTest1:96 - DataStoreHpTest constructor
2015-11-16 17:09:56 INFO  testcore.DataStoreTester:156 - ----------- testCreateContainerWithRegion-----------
2015-11-16 17:09:56 INFO  utils.MasterkeyGenerator:95 - Master key generated successfully.
2015-11-16 17:09:56 INFO  utils.MasterkeyGenerator:95 - Master key generated successfully.
2015-11-16 17:09:56 INFO  dsfs.FSDataStoreImpl:1294 - DataStoreException: [NOT_IMPLEMENTED] Region is not supported by File based DataStore
2015-11-16 17:09:56 INFO  testcoretests.DsTest1:96 - DataStoreHpTest constructor
2015-11-16 17:09:56 INFO  testcore.DataStoreTester:156 - ----------- testPutEncObjectGetPlainObject-----------
2015-11-16 17:09:56 INFO  utils.MasterkeyGenerator:95 - Master key generated successfully.
2015-11-16 17:09:56 INFO  testcore.DataStoreTester:164 - ----------- DONE testPutEncObjectGetPlainObject-----------
2015-11-16 17:09:56 INFO  testcoretests.DsTest1:96 - DataStoreHpTest constructor
2015-11-16 17:09:56 INFO  testcore.DataStoreTester:156 - ----------- testPutPlainObject-----------
2015-11-16 17:09:56 INFO  utils.MasterkeyGenerator:95 - Master key generated successfully.
2015-11-16 17:09:56 INFO  dsfs.FSDataStoreImpl:1294 - DataStoreException: [INVALID_ARGUMENT] Invalid argument: Input file does not exist
2015-11-16 17:09:56 INFO  testcoretests.DsTest1:96 - DataStoreHpTest constructor
2015-11-16 17:09:56 INFO  testcore.DataStoreTester:156 - ----------- testPutObjectForBadMetadata-----------
2015-11-16 17:09:56 INFO  utils.MasterkeyGenerator:95 - Master key generated successfully.
2015-11-16 17:09:56 INFO  utils.MasterkeyGenerator:95 - Master key generated successfully.
2015-11-16 17:09:56 INFO  dsfs.FSDataStoreImpl:1294 - DataStoreException: [INVALID_ARGUMENT] Null metadata value
2015-11-16 17:09:56 INFO  dsfs.FSDataStoreImpl:1294 - DataStoreException: [INVALID_ARGUMENT] Invalid metadata: Null metadata value
2015-11-16 17:09:56 INFO  testcore.DataStoreTester:164 - ----------- DONE testPutObjectForBadMetadata-----------
2015-11-16 17:09:56 INFO  testcoretests.DsTest1:96 - DataStoreHpTest constructor
2015-11-16 17:09:56 INFO  testcore.DataStoreTester:156 - ----------- testPutObjectForLargeMetadata-----------
2015-11-16 17:09:56 INFO  utils.MasterkeyGenerator:95 - Master key generated successfully.
2015-11-16 17:09:56 INFO  utils.MasterkeyGenerator:95 - Master key generated successfully.
2015-11-16 17:09:57 INFO  testcore.DataStoreTester:164 - ----------- DONE testPutObjectForLargeMetadata-----------
2015-11-16 17:09:57 INFO  testcoretests.DsTest1:96 - DataStoreHpTest constructor
2015-11-16 17:09:57 INFO  testcore.DataStoreTester:156 - ----------- testCreateDataStoreWithNotExistsRootDir-----------
2015-11-16 17:09:57 INFO  utils.MasterkeyGenerator:95 - Master key generated successfully.
2015-11-16 17:09:57 INFO  testcoretests.DsTest1:96 - DataStoreHpTest constructor
2015-11-16 17:09:57 INFO  testcore.DataStoreTester:156 - ----------- testCreateDataStoreWithBadRootDir-----------
2015-11-16 17:09:57 INFO  utils.MasterkeyGenerator:95 - Master key generated successfully.
2015-11-16 17:09:57 INFO  dsfs.FSDataStoreImpl:1294 - DataStoreException: [INFRASTRUCTURE_ERROR] Specified root directory sec_fs_root.txt should be a directory.
2015-11-16 17:09:57 INFO  testcoretests.DsTest1:96 - DataStoreHpTest constructor
2015-11-16 17:09:57 INFO  testcore.DataStoreTester:156 - ----------- testCreateDataStoreWithBadMasterKey-----------
2015-11-16 17:09:57 INFO  dsfs.FSDataStoreImpl:1294 - DataStoreException: [INVALID_MASTERKEY] Master key can not be null.
2015-11-16 17:09:57 INFO  testcoretests.DsTest1:96 - DataStoreHpTest constructor
2015-11-16 17:09:57 INFO  testcore.DataStoreTester:156 - ----------- testBadContainerNames-----------
2015-11-16 17:09:57 INFO  dsfs.FSDataStoreImpl:1294 - DataStoreException: [INVALID_ARGUMENT] Invalid argument: Container name contains illegal characters. Illegal characters are [\/:*?"<>|%]
2015-11-16 17:09:57 INFO  dsfs.FSDataStoreImpl:1294 - DataStoreException: [INVALID_ARGUMENT] Invalid argument: Invalid container name [a/b]: Invalid argument: Container name contains illegal characters. Illegal characters are [\/:*?"<>|%]
2015-11-16 17:09:57 INFO  testcore.DataStoreTester:135 - Got expected exception with reason: INVALID_ARGUMENT : Invalid argument: Invalid container name [a/b]: Invalid argument: Container name contains illegal characters. Illegal characters are [\/:*?"<>|%]
2015-11-16 17:09:57 INFO  dsfs.FSDataStoreImpl:1294 - DataStoreException: [INVALID_ARGUMENT] Invalid argument: Container name contains illegal characters. Illegal characters are [\/:*?"<>|%]
2015-11-16 17:09:57 INFO  dsfs.FSDataStoreImpl:1294 - DataStoreException: [INVALID_ARGUMENT] Invalid argument: Invalid container name [a"b]: Invalid argument: Container name contains illegal characters. Illegal characters are [\/:*?"<>|%]
2015-11-16 17:09:57 INFO  testcore.DataStoreTester:135 - Got expected exception with reason: INVALID_ARGUMENT : Invalid argument: Invalid container name [a"b]: Invalid argument: Container name contains illegal characters. Illegal characters are [\/:*?"<>|%]
2015-11-16 17:09:57 INFO  dsfs.FSDataStoreImpl:1294 - DataStoreException: [INVALID_ARGUMENT] Invalid argument: Container name contains illegal characters. Illegal characters are [\/:*?"<>|%]
2015-11-16 17:09:57 INFO  dsfs.FSDataStoreImpl:1294 - DataStoreException: [INVALID_ARGUMENT] Invalid argument: Invalid container name [a>b]: Invalid argument: Container name contains illegal characters. Illegal characters are [\/:*?"<>|%]
2015-11-16 17:09:57 INFO  testcore.DataStoreTester:135 - Got expected exception with reason: INVALID_ARGUMENT : Invalid argument: Invalid container name [a>b]: Invalid argument: Container name contains illegal characters. Illegal characters are [\/:*?"<>|%]
2015-11-16 17:09:57 INFO  dsfs.FSDataStoreImpl:1294 - DataStoreException: [INVALID_ARGUMENT] Invalid argument: Container name contains illegal characters. Illegal characters are [\/:*?"<>|%]
2015-11-16 17:09:57 INFO  dsfs.FSDataStoreImpl:1294 - DataStoreException: [INVALID_ARGUMENT] Invalid argument: Invalid container name [a<b]: Invalid argument: Container name contains illegal characters. Illegal characters are [\/:*?"<>|%]
2015-11-16 17:09:57 INFO  testcore.DataStoreTester:135 - Got expected exception with reason: INVALID_ARGUMENT : Invalid argument: Invalid container name [a<b]: Invalid argument: Container name contains illegal characters. Illegal characters are [\/:*?"<>|%]
2015-11-16 17:09:57 INFO  dsfs.FSDataStoreImpl:1294 - DataStoreException: [INVALID_ARGUMENT] Invalid argument: Container name should not exceed 255 characters.
2015-11-16 17:09:57 INFO  dsfs.FSDataStoreImpl:1294 - DataStoreException: [INVALID_ARGUMENT] Invalid argument: Invalid container name [01234567890abcdef01234567890abcdef01234567890abcdef01234567890abcdef01234567890abcdef01234567890abcdef01234567890abcdef01234567890abcdef01234567890abcdef01234567890abcdef01234567890abcdef01234567890abcdef01234567890abcdef01234567890abcdef01234567890abcdef01234567890abcdef01234567890abcdef01234567890abcdef01234567890abcdef01234567890abcdef01234567890abcdef01234567890abcdef01234567890abcdef01234567890abcdef01234567890abcdef01234567890abcdef01234567890abcdef01234567890abcdef01234567890abcdef01234567890abcdef01234567890abcdef01234567890abcdef]: Invalid argument: Container name should not exceed 255 characters.
2015-11-16 17:09:57 INFO  testcore.DataStoreTester:135 - Got expected exception with reason: INVALID_ARGUMENT : Invalid argument: Invalid container name [01234567890abcdef01234567890abcdef01234567890abcdef01234567890abcdef01234567890abcdef01234567890abcdef01234567890abcdef01234567890abcdef01234567890abcdef01234567890abcdef01234567890abcdef01234567890abcdef01234567890abcdef01234567890abcdef01234567890abcdef01234567890abcdef01234567890abcdef01234567890abcdef01234567890abcdef01234567890abcdef01234567890abcdef01234567890abcdef01234567890abcdef01234567890abcdef01234567890abcdef01234567890abcdef01234567890abcdef01234567890abcdef01234567890abcdef01234567890abcdef01234567890abcdef01234567890abcdef]: Invalid argument: Container name should not exceed 255 characters.
2015-11-16 17:09:57 INFO  testcore.DataStoreTester:164 - ----------- DONE testBadContainerNames-----------
2015-11-16 17:09:57 INFO  testcoretests.DsTest1:96 - DataStoreHpTest constructor
2015-11-16 17:09:57 INFO  testcore.DataStoreTester:156 - ----------- testCreateContainer-----------
2015-11-16 17:09:57 INFO  testcore.TestOp:146 - Created container temp-cc-6896013073911306240: true
2015-11-16 17:09:57 INFO  testcore.TestOp:115 - Created container temp-cc-6896013073911306241: true
2015-11-16 17:09:57 INFO  testcore.TestOp:146 - Created container temp-cc-6896013073911306242: true
2015-11-16 17:09:57 INFO  testcore.TestOp:115 - Created container temp-cc-6896013073911306243: true
2015-11-16 17:09:57 INFO  testcore.TestOp:146 - Created container temp-cc-6896013073911306244: true
2015-11-16 17:09:57 INFO  testcore.TestOp:52 - Created container temp-cc-6896013073911306245: true
2015-11-16 17:09:57 INFO  testcore.TestOp:115 - Created container temp-cc-6896013073911306246: true
2015-11-16 17:09:57 INFO  testcore.TestOp:86 - Created container temp-cc-6896013073911306247: true
2015-11-16 17:09:57 INFO  testcore.DataStoreTester:164 - ----------- DONE testCreateContainer-----------
2015-11-16 17:09:57 INFO  testcoretests.DsTest1:96 - DataStoreHpTest constructor
2015-11-16 17:09:57 INFO  testcore.DataStoreTester:156 - ----------- testListContainers-----------
2015-11-16 17:09:57 INFO  testcoretests.DsTest1:224 - testListContainers[before]: {
  "list": [
    "secsto-test-1",
    "secsto-test-2"
  ]
}
2015-11-16 17:09:57 INFO  testcoretests.DsTest1:230 - testListContainers[after]: {
  "list": [
    "secsto-test-1",
    "secsto-test-2",
    "temp-lc-787295177780110848"
  ]
}
2015-11-16 17:09:57 INFO  testcoretests.DsTest1:1063 - Deleting container and contents: temp-lc-787295177780110848
2015-11-16 17:09:57 INFO  testcore.DataStoreTester:164 - ----------- DONE testListContainers-----------
2015-11-16 17:09:57 INFO  testcoretests.DsTest1:96 - DataStoreHpTest constructor
2015-11-16 17:09:57 INFO  testcore.DataStoreTester:156 - ----------- testListContainersPrefix-----------
2015-11-16 17:09:57 INFO  dsfs.FSDataStoreImpl:1294 - DataStoreException: [INVALID_ARGUMENT] Invalid argument: Null container prefix
2015-11-16 17:09:57 INFO  testcore.DataStoreTester:135 - Got expected exception with reason: INVALID_ARGUMENT : Invalid argument: Null container prefix
2015-11-16 17:09:57 INFO  dsfs.FSDataStoreImpl:1294 - DataStoreException: [INVALID_ARGUMENT] Invalid argument: Container name should not exceed 255 characters.
2015-11-16 17:09:57 INFO  dsfs.FSDataStoreImpl:1294 - DataStoreException: [INVALID_ARGUMENT] Invalid argument: Invalid container prefix [object0123456789object0123456789object0123456789object0123456789object0123456789object0123456789object0123456789object0123456789object0123456789object0123456789object0123456789object0123456789object0123456789object0123456789object0123456789object0123456789object0123456789object0123456789object0123456789object0123456789object0123456789object0123456789object0123456789object0123456789object0123456789object0123456789object0123456789object0123456789object0123456789object0123456789object0123456789object0123456789object0123456789object0123456789object0123456789object0123456789object0123456789object0123456789object0123456789object0123456789object0123456789object0123456789object0123456789object0123456789object0123456789object0123456789object0123456789object0123456789object0123456789object0123456789object0123456789object0123456789object0123456789object0123456789object0123456789object0123456789object0123456789object0123456789object0123456789object0123456789object0123456789object0123456789object0123456789object0123456789bad]: Invalid argument: Container name should not exceed 255 characters.
2015-11-16 17:09:57 INFO  testcore.DataStoreTester:135 - Got expected exception with reason: INVALID_ARGUMENT : Invalid argument: Invalid container prefix [object0123456789object0123456789object0123456789object0123456789object0123456789object0123456789object0123456789object0123456789object0123456789object0123456789object0123456789object0123456789object0123456789object0123456789object0123456789object0123456789object0123456789object0123456789object0123456789object0123456789object0123456789object0123456789object0123456789object0123456789object0123456789object0123456789object0123456789object0123456789object0123456789object0123456789object0123456789object0123456789object0123456789object0123456789object0123456789object0123456789object0123456789object0123456789object0123456789object0123456789object0123456789object0123456789object0123456789object0123456789object0123456789object0123456789object0123456789object0123456789object0123456789object0123456789object0123456789object0123456789object0123456789object0123456789object0123456789object0123456789object0123456789object0123456789object0123456789object0123456789object0123456789object0123456789object0123456789object0123456789bad]: Invalid argument: Container name should not exceed 255 characters.
2015-11-16 17:09:57 INFO  testcoretests.DsTest1:1063 - Deleting container and contents: temp-prefix-321380999156265920
2015-11-16 17:09:57 INFO  testcoretests.DsTest1:1063 - Deleting container and contents: temp-prefix-629067359603135488
2015-11-16 17:09:57 INFO  testcore.DataStoreTester:164 - ----------- DONE testListContainersPrefix-----------
2015-11-16 17:09:57 INFO  testcoretests.DsTest1:96 - DataStoreHpTest constructor
2015-11-16 17:09:57 INFO  testcore.DataStoreTester:156 - ----------- testObjectCountPrefix-----------
2015-11-16 17:09:57 INFO  dsfs.FSDataStoreImpl:1294 - DataStoreException: [CONTAINER_OR_OBJECT_NOT_FOUND] Container with name temp-coc-517533689045971072 does not exist
2015-11-16 17:09:57 INFO  testcore.DataStoreTester:135 - Got expected exception with reason: CONTAINER_OR_OBJECT_NOT_FOUND : Container with name temp-coc-517533689045971072 does not exist
2015-11-16 17:09:57 INFO  dsfs.FSDataStoreImpl:1294 - DataStoreException: [INVALID_ARGUMENT] Invalid argument: Container name contains illegal characters. Illegal characters are [\/:*?"<>|%]
2015-11-16 17:09:57 INFO  dsfs.FSDataStoreImpl:1294 - DataStoreException: [INVALID_ARGUMENT] Invalid argument: Invalid container name [a/b]: Invalid argument: Container name contains illegal characters. Illegal characters are [\/:*?"<>|%]
2015-11-16 17:09:57 INFO  testcore.DataStoreTester:102 - Got expected exception: Invalid argument: Invalid container name [a/b]: Invalid argument: Container name contains illegal characters. Illegal characters are [\/:*?"<>|%]
2015-11-16 17:09:57 INFO  dsfs.FSDataStoreImpl:1294 - DataStoreException: [INVALID_ARGUMENT] Invalid argument: Container name contains illegal characters. Illegal characters are [\/:*?"<>|%]
2015-11-16 17:09:57 INFO  dsfs.FSDataStoreImpl:1294 - DataStoreException: [INVALID_ARGUMENT] Invalid argument: Invalid container name [a/b]: Invalid argument: Container name contains illegal characters. Illegal characters are [\/:*?"<>|%]
2015-11-16 17:09:57 INFO  testcore.DataStoreTester:135 - Got expected exception with reason: INVALID_ARGUMENT : Invalid argument: Invalid container name [a/b]: Invalid argument: Container name contains illegal characters. Illegal characters are [\/:*?"<>|%]
2015-11-16 17:09:57 INFO  testcore.DataStoreTester:164 - ----------- DONE testObjectCountPrefix-----------
2015-11-16 17:09:57 INFO  testcoretests.DsTest1:96 - DataStoreHpTest constructor
2015-11-16 17:09:57 INFO  testcore.DataStoreTester:156 - ----------- testContainerExists-----------
2015-11-16 17:09:57 INFO  testcore.TestOp:636 - containerExists(temp-ce-626857372339674112)=false
2015-11-16 17:09:57 INFO  dsfs.FSDataStoreImpl:1294 - DataStoreException: [INVALID_ARGUMENT] Invalid argument: Container name cann't be null or an empty string.
2015-11-16 17:09:57 INFO  testcore.DataStoreTester:135 - Got expected exception with reason: INVALID_ARGUMENT : Invalid argument: Container name cann't be null or an empty string.
2015-11-16 17:09:57 INFO  testcore.TestOp:636 - containerExists(secsto-test-1)=true
2015-11-16 17:09:57 INFO  dsfs.FSDataStoreImpl:1294 - DataStoreException: [INVALID_ARGUMENT] Invalid argument: Container name contains illegal characters. Illegal characters are [\/:*?"<>|%]
2015-11-16 17:09:57 INFO  dsfs.FSDataStoreImpl:1294 - DataStoreException: [INVALID_ARGUMENT] Invalid argument: Invalid container name [a/b]: Invalid argument: Container name contains illegal characters. Illegal characters are [\/:*?"<>|%]
2015-11-16 17:09:57 INFO  testcore.DataStoreTester:135 - Got expected exception with reason: INVALID_ARGUMENT : Invalid argument: Invalid container name [a/b]: Invalid argument: Container name contains illegal characters. Illegal characters are [\/:*?"<>|%]
2015-11-16 17:09:57 INFO  testcore.DataStoreTester:164 - ----------- DONE testContainerExists-----------
2015-11-16 17:09:57 INFO  testcoretests.DsTest1:96 - DataStoreHpTest constructor
2015-11-16 17:09:57 INFO  testcore.DataStoreTester:156 - ----------- testDeleteContainer-----------
2015-11-16 17:09:57 INFO  dsfs.FSDataStoreImpl:1294 - DataStoreException: [INVALID_ARGUMENT] Invalid argument: Container name contains illegal characters. Illegal characters are [\/:*?"<>|%]
2015-11-16 17:09:57 INFO  dsfs.FSDataStoreImpl:1294 - DataStoreException: [INVALID_ARGUMENT] Invalid argument: Invalid container name [a/b]: Invalid argument: Container name contains illegal characters. Illegal characters are [\/:*?"<>|%]
2015-11-16 17:09:57 INFO  testcore.DataStoreTester:135 - Got expected exception with reason: INVALID_ARGUMENT : Invalid argument: Invalid container name [a/b]: Invalid argument: Container name contains illegal characters. Illegal characters are [\/:*?"<>|%]
2015-11-16 17:09:57 INFO  dsfs.FSDataStoreImpl:1294 - DataStoreException: [CONTAINER_OR_OBJECT_NOT_FOUND] Container temp-dc-268102170509071136 does not exist, cannot be deleted
2015-11-16 17:09:57 INFO  testcore.DataStoreTester:135 - Got expected exception with reason: CONTAINER_OR_OBJECT_NOT_FOUND : Container temp-dc-268102170509071136 does not exist, cannot be deleted
2015-11-16 17:09:57 INFO  dsfs.FSDataStoreImpl:1294 - DataStoreException: [DELETE_CONTAINER_ERROR] Container temp-dc-268102170509071136 cannot be deleted, make sure that the container should be empty before delete.
2015-11-16 17:09:57 INFO  testcore.DataStoreTester:135 - Got expected exception with reason: DELETE_CONTAINER_ERROR : Container temp-dc-268102170509071136 cannot be deleted, make sure that the container should be empty before delete.
2015-11-16 17:09:57 INFO  testcore.TestOp:172 - Deleted container temp-dc-268102170509071136: true
2015-11-16 17:09:57 INFO  testcore.DataStoreTester:164 - ----------- DONE testDeleteContainer-----------
2015-11-16 17:09:57 INFO  testcoretests.DsTest1:96 - DataStoreHpTest constructor
2015-11-16 17:09:57 INFO  testcore.DataStoreTester:156 - ----------- testDeleteContainerContents-----------
2015-11-16 17:09:57 INFO  dsfs.FSDataStoreImpl:1294 - DataStoreException: [INVALID_ARGUMENT] Invalid argument: Container name contains illegal characters. Illegal characters are [\/:*?"<>|%]
2015-11-16 17:09:57 INFO  dsfs.FSDataStoreImpl:1294 - DataStoreException: [INVALID_ARGUMENT] Invalid argument: Invalid container name [a/b]: Invalid argument: Container name contains illegal characters. Illegal characters are [\/:*?"<>|%]
2015-11-16 17:09:57 INFO  testcore.DataStoreTester:135 - Got expected exception with reason: INVALID_ARGUMENT : Invalid argument: Invalid container name [a/b]: Invalid argument: Container name contains illegal characters. Illegal characters are [\/:*?"<>|%]
2015-11-16 17:09:57 INFO  dsfs.FSDataStoreImpl:1294 - DataStoreException: [CONTAINER_OR_OBJECT_NOT_FOUND] Container temp-dcc-468548627805037824 does not exist, cannot delete contents.
2015-11-16 17:09:57 INFO  testcore.DataStoreTester:135 - Got expected exception with reason: CONTAINER_OR_OBJECT_NOT_FOUND : Container temp-dcc-468548627805037824 does not exist, cannot delete contents.
2015-11-16 17:09:57 INFO  testcore.TestOp:194 - Deleted contents of container secsto-test-1: number of items remaining = 0
2015-11-16 17:09:57 INFO  testcore.TestOp:194 - Deleted contents of container secsto-test-1: number of items remaining = 0
2015-11-16 17:09:57 INFO  testcore.DataStoreTester:164 - ----------- DONE testDeleteContainerContents-----------
2015-11-16 17:09:57 INFO  testcoretests.DsTest1:96 - DataStoreHpTest constructor
2015-11-16 17:09:57 INFO  testcore.DataStoreTester:156 - ----------- testPutObjectFile-----------
2015-11-16 17:09:57 INFO  dsfs.FSDataStoreImpl:1294 - DataStoreException: [INVALID_ARGUMENT] Invalid argument: Input file does not exist
2015-11-16 17:09:57 INFO  testcore.DataStoreTester:135 - Got expected exception with reason: INVALID_ARGUMENT : Invalid argument: Input file does not exist
2015-11-16 17:09:57 INFO  dsfs.FSDataStoreImpl:1294 - DataStoreException: [INVALID_ARGUMENT] Invalid argument: Input file does not exist
2015-11-16 17:09:57 INFO  testcore.DataStoreTester:135 - Got expected exception with reason: INVALID_ARGUMENT : Invalid argument: Input file does not exist
2015-11-16 17:09:57 INFO  dsfs.FSDataStoreImpl:1294 - DataStoreException: [INVALID_ARGUMENT] Invalid argument: Input file does not exist
2015-11-16 17:09:57 INFO  testcore.DataStoreTester:135 - Got expected exception with reason: INVALID_ARGUMENT : Invalid argument: Input file does not exist
2015-11-16 17:09:57 INFO  dsfs.FSDataStoreImpl:1294 - DataStoreException: [INVALID_ARGUMENT] Invalid argument: Input file does not exist
2015-11-16 17:09:57 INFO  testcore.DataStoreTester:135 - Got expected exception with reason: INVALID_ARGUMENT : Invalid argument: Input file does not exist
2015-11-16 17:09:57 INFO  dsfs.FSDataStoreImpl:1294 - DataStoreException: [INVALID_ARGUMENT] Invalid argument: Metadata key may not start with reserved prefix 'secsto-': secsto-key
2015-11-16 17:09:57 INFO  dsfs.FSDataStoreImpl:1294 - DataStoreException: [INVALID_ARGUMENT] Invalid metadata: Invalid argument: Metadata key may not start with reserved prefix 'secsto-': secsto-key
2015-11-16 17:09:57 INFO  testcore.DataStoreTester:135 - Got expected exception with reason: INVALID_ARGUMENT : Invalid metadata: Invalid argument: Metadata key may not start with reserved prefix 'secsto-': secsto-key
2015-11-16 17:09:57 INFO  dsfs.FSDataStoreImpl:1294 - DataStoreException: [CONTAINER_OR_OBJECT_NOT_FOUND] Container temp-pof-976951609644730752 does not exist
2015-11-16 17:09:57 INFO  testcore.DataStoreTester:135 - Got expected exception with reason: CONTAINER_OR_OBJECT_NOT_FOUND : Container temp-pof-976951609644730752 does not exist
2015-11-16 17:09:57 INFO  dsfs.FSDataStoreImpl:1294 - DataStoreException: [INVALID_ARGUMENT] Invalid argument: Input file does not exist
2015-11-16 17:09:57 INFO  testcore.DataStoreTester:135 - Got expected exception with reason: INVALID_ARGUMENT : Invalid argument: Input file does not exist
2015-11-16 17:09:57 INFO  dsfs.FSDataStoreImpl:1294 - DataStoreException: [INVALID_ARGUMENT] Invalid argument: Container name contains illegal characters. Illegal characters are [\/:*?"<>|%]
2015-11-16 17:09:57 INFO  dsfs.FSDataStoreImpl:1294 - DataStoreException: [INVALID_ARGUMENT] Invalid argument: Invalid container name [a/b]: Invalid argument: Container name contains illegal characters. Illegal characters are [\/:*?"<>|%]
2015-11-16 17:09:57 INFO  testcore.DataStoreTester:135 - Got expected exception with reason: INVALID_ARGUMENT : Invalid argument: Invalid container name [a/b]: Invalid argument: Container name contains illegal characters. Illegal characters are [\/:*?"<>|%]
2015-11-16 17:09:57 INFO  dsfs.FSDataStoreImpl:1294 - DataStoreException: [INVALID_ARGUMENT] Invalid argument: Input file does not exist
2015-11-16 17:09:57 INFO  testcore.DataStoreTester:135 - Got expected exception with reason: INVALID_ARGUMENT : Invalid argument: Input file does not exist
2015-11-16 17:09:57 INFO  dsfs.FSDataStoreImpl:1294 - DataStoreException: [INVALID_ARGUMENT] Invalid argument: Object name cann't be null or an empty string.
2015-11-16 17:09:57 INFO  testcore.DataStoreTester:135 - Got expected exception with reason: INVALID_ARGUMENT : Invalid argument: Object name cann't be null or an empty string.
2015-11-16 17:09:57 INFO  dsfs.FSDataStoreImpl:1294 - DataStoreException: [INVALID_ARGUMENT] Invalid argument: Object name cann't be null or an empty string.
2015-11-16 17:09:57 INFO  testcore.DataStoreTester:135 - Got expected exception with reason: INVALID_ARGUMENT : Invalid argument: Object name cann't be null or an empty string.
2015-11-16 17:09:57 INFO  dsfs.FSDataStoreImpl:1294 - DataStoreException: [INVALID_ARGUMENT] Invalid argument: Object name should not exceed 1024 characters.
2015-11-16 17:09:57 INFO  dsfs.FSDataStoreImpl:1294 - DataStoreException: [INVALID_ARGUMENT] Invalid argument: Invalid object name [object0123456789object0123456789object0123456789object0123456789object0123456789object0123456789object0123456789object0123456789object0123456789object0123456789object0123456789object0123456789object0123456789object0123456789object0123456789object0123456789object0123456789object0123456789object0123456789object0123456789object0123456789object0123456789object0123456789object0123456789object0123456789object0123456789object0123456789object0123456789object0123456789object0123456789object0123456789object0123456789object0123456789object0123456789object0123456789object0123456789object0123456789object0123456789object0123456789object0123456789object0123456789object0123456789object0123456789object0123456789object0123456789object0123456789object0123456789object0123456789object0123456789object0123456789object0123456789object0123456789object0123456789object0123456789object0123456789object0123456789object0123456789object0123456789object0123456789object0123456789object0123456789object0123456789object0123456789object0123456789bad]: Invalid argument: Object name should not exceed 1024 characters.
2015-11-16 17:09:57 INFO  testcore.DataStoreTester:135 - Got expected exception with reason: INVALID_ARGUMENT : Invalid argument: Invalid object name [object0123456789object0123456789object0123456789object0123456789object0123456789object0123456789object0123456789object0123456789object0123456789object0123456789object0123456789object0123456789object0123456789object0123456789object0123456789object0123456789object0123456789object0123456789object0123456789object0123456789object0123456789object0123456789object0123456789object0123456789object0123456789object0123456789object0123456789object0123456789object0123456789object0123456789object0123456789object0123456789object0123456789object0123456789object0123456789object0123456789object0123456789object0123456789object0123456789object0123456789object0123456789object0123456789object0123456789object0123456789object0123456789object0123456789object0123456789object0123456789object0123456789object0123456789object0123456789object0123456789object0123456789object0123456789object0123456789object0123456789object0123456789object0123456789object0123456789object0123456789object0123456789object0123456789object0123456789object0123456789bad]: Invalid argument: Object name should not exceed 1024 characters.
2015-11-16 17:09:57 INFO  testcore.DataStoreTester:164 - ----------- DONE testPutObjectFile-----------
2015-11-16 17:09:57 INFO  testcoretests.DsTest1:96 - DataStoreHpTest constructor
2015-11-16 17:09:57 INFO  testcore.DataStoreTester:156 - ----------- testPutObjectStream-----------
2015-11-16 17:09:57 INFO  dsfs.FSDataStoreImpl:1294 - DataStoreException: [CONTAINER_OR_OBJECT_NOT_FOUND] Container temp-pof-935373092683234816 does not exist
2015-11-16 17:09:57 INFO  testcore.DataStoreTester:135 - Got expected exception with reason: CONTAINER_OR_OBJECT_NOT_FOUND : Container temp-pof-935373092683234816 does not exist
2015-11-16 17:09:57 INFO  dsfs.FSDataStoreImpl:1294 - DataStoreException: [INVALID_ARGUMENT] Invalid argument: Content type cann't be null or an empty string.
2015-11-16 17:09:57 INFO  testcore.DataStoreTester:135 - Got expected exception with reason: INVALID_ARGUMENT : Invalid argument: Content type cann't be null or an empty string.
2015-11-16 17:09:57 INFO  dsfs.FSDataStoreImpl:1294 - DataStoreException: [INVALID_ARGUMENT] Invalid argument: Invalid content length: -1
2015-11-16 17:09:57 INFO  testcore.DataStoreTester:135 - Got expected exception with reason: INVALID_ARGUMENT : Invalid argument: Invalid content length: -1
2015-11-16 17:09:57 INFO  dsfs.FSDataStoreImpl:1294 - DataStoreException: [INVALID_ARGUMENT] Invalid argument: Container name contains illegal characters. Illegal characters are [\/:*?"<>|%]
2015-11-16 17:09:57 INFO  dsfs.FSDataStoreImpl:1294 - DataStoreException: [INVALID_ARGUMENT] Invalid argument: Invalid container name [a/b]: Invalid argument: Container name contains illegal characters. Illegal characters are [\/:*?"<>|%]
2015-11-16 17:09:57 INFO  testcore.DataStoreTester:135 - Got expected exception with reason: INVALID_ARGUMENT : Invalid argument: Invalid container name [a/b]: Invalid argument: Container name contains illegal characters. Illegal characters are [\/:*?"<>|%]
2015-11-16 17:09:57 INFO  dsfs.FSDataStoreImpl:1294 - DataStoreException: [INVALID_ARGUMENT] Invalid argument: Object name cann't be null or an empty string.
2015-11-16 17:09:57 INFO  testcore.DataStoreTester:135 - Got expected exception with reason: INVALID_ARGUMENT : Invalid argument: Object name cann't be null or an empty string.
2015-11-16 17:09:57 INFO  dsfs.FSDataStoreImpl:1294 - DataStoreException: [INVALID_ARGUMENT] Invalid argument: Object name cann't be null or an empty string.
2015-11-16 17:09:57 INFO  testcore.DataStoreTester:135 - Got expected exception with reason: INVALID_ARGUMENT : Invalid argument: Object name cann't be null or an empty string.
2015-11-16 17:09:57 INFO  dsfs.FSDataStoreImpl:1294 - DataStoreException: [INVALID_ARGUMENT] Invalid argument: Object name should not exceed 1024 characters.
2015-11-16 17:09:57 INFO  dsfs.FSDataStoreImpl:1294 - DataStoreException: [INVALID_ARGUMENT] Invalid argument: Invalid object name [object0123456789object0123456789object0123456789object0123456789object0123456789object0123456789object0123456789object0123456789object0123456789object0123456789object0123456789object0123456789object0123456789object0123456789object0123456789object0123456789object0123456789object0123456789object0123456789object0123456789object0123456789object0123456789object0123456789object0123456789object0123456789object0123456789object0123456789object0123456789object0123456789object0123456789object0123456789object0123456789object0123456789object0123456789object0123456789object0123456789object0123456789object0123456789object0123456789object0123456789object0123456789object0123456789object0123456789object0123456789object0123456789object0123456789object0123456789object0123456789object0123456789object0123456789object0123456789object0123456789object0123456789object0123456789object0123456789object0123456789object0123456789object0123456789object0123456789object0123456789object0123456789object0123456789object0123456789object0123456789bad]: Invalid argument: Object name should not exceed 1024 characters.
2015-11-16 17:09:57 INFO  testcore.DataStoreTester:135 - Got expected exception with reason: INVALID_ARGUMENT : Invalid argument: Invalid object name [object0123456789object0123456789object0123456789object0123456789object0123456789object0123456789object0123456789object0123456789object0123456789object0123456789object0123456789object0123456789object0123456789object0123456789object0123456789object0123456789object0123456789object0123456789object0123456789object0123456789object0123456789object0123456789object0123456789object0123456789object0123456789object0123456789object0123456789object0123456789object0123456789object0123456789object0123456789object0123456789object0123456789object0123456789object0123456789object0123456789object0123456789object0123456789object0123456789object0123456789object0123456789object0123456789object0123456789object0123456789object0123456789object0123456789object0123456789object0123456789object0123456789object0123456789object0123456789object0123456789object0123456789object0123456789object0123456789object0123456789object0123456789object0123456789object0123456789object0123456789object0123456789object0123456789object0123456789object0123456789bad]: Invalid argument: Object name should not exceed 1024 characters.
2015-11-16 17:09:57 INFO  testcore.DataStoreTester:164 - ----------- DONE testPutObjectStream-----------
2015-11-16 17:09:57 INFO  testcoretests.DsTest1:96 - DataStoreHpTest constructor
2015-11-16 17:09:57 INFO  testcore.DataStoreTester:156 - ----------- testGetObjectFile-----------
2015-11-16 17:09:57 INFO  dsfs.FSDataStoreImpl:1294 - DataStoreException: [CONTAINER_OR_OBJECT_NOT_FOUND] Container temp-pof-839177419871695744 does not exist
2015-11-16 17:09:57 INFO  testcore.DataStoreTester:135 - Got expected exception with reason: CONTAINER_OR_OBJECT_NOT_FOUND : Container temp-pof-839177419871695744 does not exist
2015-11-16 17:09:57 INFO  dsfs.FSDataStoreImpl:1294 - DataStoreException: [CONTAINER_OR_OBJECT_NOT_FOUND] Object with key xxx does not exist in container secsto-test-1
2015-11-16 17:09:57 INFO  testcore.DataStoreTester:135 - Got expected exception with reason: CONTAINER_OR_OBJECT_NOT_FOUND : Object with key xxx does not exist in container secsto-test-1
2015-11-16 17:09:57 INFO  dsfs.FSDataStoreImpl:1294 - DataStoreException: [INVALID_ARGUMENT] Invalid argument: Container name contains illegal characters. Illegal characters are [\/:*?"<>|%]
2015-11-16 17:09:57 INFO  dsfs.FSDataStoreImpl:1294 - DataStoreException: [INVALID_ARGUMENT] Invalid argument: Invalid container name [a/b]: Invalid argument: Container name contains illegal characters. Illegal characters are [\/:*?"<>|%]
2015-11-16 17:09:57 INFO  testcore.DataStoreTester:135 - Got expected exception with reason: INVALID_ARGUMENT : Invalid argument: Invalid container name [a/b]: Invalid argument: Container name contains illegal characters. Illegal characters are [\/:*?"<>|%]
2015-11-16 17:09:57 INFO  dsfs.FSDataStoreImpl:1294 - DataStoreException: [INVALID_ARGUMENT] Invalid argument: Null input file.
2015-11-16 17:09:57 INFO  testcore.DataStoreTester:135 - Got expected exception with reason: INVALID_ARGUMENT : Invalid argument: Null input file.
2015-11-16 17:09:57 INFO  dsfs.FSDataStoreImpl:1294 - DataStoreException: [INVALID_ARGUMENT] Invalid argument: Object name cann't be null or an empty string.
2015-11-16 17:09:57 INFO  testcore.DataStoreTester:135 - Got expected exception with reason: INVALID_ARGUMENT : Invalid argument: Object name cann't be null or an empty string.
2015-11-16 17:09:57 INFO  dsfs.FSDataStoreImpl:1294 - DataStoreException: [INVALID_ARGUMENT] Invalid argument: Object name cann't be null or an empty string.
2015-11-16 17:09:57 INFO  testcore.DataStoreTester:135 - Got expected exception with reason: INVALID_ARGUMENT : Invalid argument: Object name cann't be null or an empty string.
2015-11-16 17:09:57 INFO  dsfs.FSDataStoreImpl:1294 - DataStoreException: [INVALID_ARGUMENT] Invalid argument: Object name should not exceed 1024 characters.
2015-11-16 17:09:57 INFO  dsfs.FSDataStoreImpl:1294 - DataStoreException: [INVALID_ARGUMENT] Invalid argument: Invalid object name [object0123456789object0123456789object0123456789object0123456789object0123456789object0123456789object0123456789object0123456789object0123456789object0123456789object0123456789object0123456789object0123456789object0123456789object0123456789object0123456789object0123456789object0123456789object0123456789object0123456789object0123456789object0123456789object0123456789object0123456789object0123456789object0123456789object0123456789object0123456789object0123456789object0123456789object0123456789object0123456789object0123456789object0123456789object0123456789object0123456789object0123456789object0123456789object0123456789object0123456789object0123456789object0123456789object0123456789object0123456789object0123456789object0123456789object0123456789object0123456789object0123456789object0123456789object0123456789object0123456789object0123456789object0123456789object0123456789object0123456789object0123456789object0123456789object0123456789object0123456789object0123456789object0123456789object0123456789object0123456789bad]: Invalid argument: Object name should not exceed 1024 characters.
2015-11-16 17:09:57 INFO  testcore.DataStoreTester:135 - Got expected exception with reason: INVALID_ARGUMENT : Invalid argument: Invalid object name [object0123456789object0123456789object0123456789object0123456789object0123456789object0123456789object0123456789object0123456789object0123456789object0123456789object0123456789object0123456789object0123456789object0123456789object0123456789object0123456789object0123456789object0123456789object0123456789object0123456789object0123456789object0123456789object0123456789object0123456789object0123456789object0123456789object0123456789object0123456789object0123456789object0123456789object0123456789object0123456789object0123456789object0123456789object0123456789object0123456789object0123456789object0123456789object0123456789object0123456789object0123456789object0123456789object0123456789object0123456789object0123456789object0123456789object0123456789object0123456789object0123456789object0123456789object0123456789object0123456789object0123456789object0123456789object0123456789object0123456789object0123456789object0123456789object0123456789object0123456789object0123456789object0123456789object0123456789object0123456789bad]: Invalid argument: Object name should not exceed 1024 characters.
2015-11-16 17:09:57 INFO  testcore.DataStoreTester:164 - ----------- DONE testGetObjectFile-----------
2015-11-16 17:09:57 INFO  testcoretests.DsTest1:96 - DataStoreHpTest constructor
2015-11-16 17:09:57 INFO  testcore.DataStoreTester:156 - ----------- testGetObjectStream-----------
2015-11-16 17:09:57 INFO  dsfs.FSDataStoreImpl:1294 - DataStoreException: [CONTAINER_OR_OBJECT_NOT_FOUND] Container temp-pof-348221863899478720 does not exist
2015-11-16 17:09:57 INFO  testcore.DataStoreTester:135 - Got expected exception with reason: CONTAINER_OR_OBJECT_NOT_FOUND : Container temp-pof-348221863899478720 does not exist
2015-11-16 17:09:57 INFO  dsfs.FSDataStoreImpl:1294 - DataStoreException: [CONTAINER_OR_OBJECT_NOT_FOUND] Object with key xxx does not exist in container secsto-test-1
2015-11-16 17:09:57 INFO  testcore.DataStoreTester:135 - Got expected exception with reason: CONTAINER_OR_OBJECT_NOT_FOUND : Object with key xxx does not exist in container secsto-test-1
2015-11-16 17:09:57 INFO  dsfs.FSDataStoreImpl:1294 - DataStoreException: [INVALID_ARGUMENT] Invalid argument: Container name contains illegal characters. Illegal characters are [\/:*?"<>|%]
2015-11-16 17:09:57 INFO  dsfs.FSDataStoreImpl:1294 - DataStoreException: [INVALID_ARGUMENT] Invalid argument: Invalid container name [a/b]: Invalid argument: Container name contains illegal characters. Illegal characters are [\/:*?"<>|%]
2015-11-16 17:09:57 INFO  testcore.DataStoreTester:135 - Got expected exception with reason: INVALID_ARGUMENT : Invalid argument: Invalid container name [a/b]: Invalid argument: Container name contains illegal characters. Illegal characters are [\/:*?"<>|%]
2015-11-16 17:09:57 INFO  dsfs.FSDataStoreImpl:1294 - DataStoreException: [INVALID_ARGUMENT] Invalid argument: Output stream cann't be null.
2015-11-16 17:09:57 INFO  testcore.DataStoreTester:135 - Got expected exception with reason: INVALID_ARGUMENT : Invalid argument: Output stream cann't be null.
2015-11-16 17:09:57 INFO  dsfs.FSDataStoreImpl:1294 - DataStoreException: [INVALID_ARGUMENT] Invalid argument: Object name cann't be null or an empty string.
2015-11-16 17:09:57 INFO  testcore.DataStoreTester:135 - Got expected exception with reason: INVALID_ARGUMENT : Invalid argument: Object name cann't be null or an empty string.
2015-11-16 17:09:57 INFO  dsfs.FSDataStoreImpl:1294 - DataStoreException: [INVALID_ARGUMENT] Invalid argument: Object name cann't be null or an empty string.
2015-11-16 17:09:57 INFO  testcore.DataStoreTester:135 - Got expected exception with reason: INVALID_ARGUMENT : Invalid argument: Object name cann't be null or an empty string.
2015-11-16 17:09:57 INFO  dsfs.FSDataStoreImpl:1294 - DataStoreException: [INVALID_ARGUMENT] Invalid argument: Object name should not exceed 1024 characters.
2015-11-16 17:09:57 INFO  dsfs.FSDataStoreImpl:1294 - DataStoreException: [INVALID_ARGUMENT] Invalid argument: Invalid object name [object0123456789object0123456789object0123456789object0123456789object0123456789object0123456789object0123456789object0123456789object0123456789object0123456789object0123456789object0123456789object0123456789object0123456789object0123456789object0123456789object0123456789object0123456789object0123456789object0123456789object0123456789object0123456789object0123456789object0123456789object0123456789object0123456789object0123456789object0123456789object0123456789object0123456789object0123456789object0123456789object0123456789object0123456789object0123456789object0123456789object0123456789object0123456789object0123456789object0123456789object0123456789object0123456789object0123456789object0123456789object0123456789object0123456789object0123456789object0123456789object0123456789object0123456789object0123456789object0123456789object0123456789object0123456789object0123456789object0123456789object0123456789object0123456789object0123456789object0123456789object0123456789object0123456789object0123456789object0123456789bad]: Invalid argument: Object name should not exceed 1024 characters.
2015-11-16 17:09:57 INFO  testcore.DataStoreTester:135 - Got expected exception with reason: INVALID_ARGUMENT : Invalid argument: Invalid object name [object0123456789object0123456789object0123456789object0123456789object0123456789object0123456789object0123456789object0123456789object0123456789object0123456789object0123456789object0123456789object0123456789object0123456789object0123456789object0123456789object0123456789object0123456789object0123456789object0123456789object0123456789object0123456789object0123456789object0123456789object0123456789object0123456789object0123456789object0123456789object0123456789object0123456789object0123456789object0123456789object0123456789object0123456789object0123456789object0123456789object0123456789object0123456789object0123456789object0123456789object0123456789object0123456789object0123456789object0123456789object0123456789object0123456789object0123456789object0123456789object0123456789object0123456789object0123456789object0123456789object0123456789object0123456789object0123456789object0123456789object0123456789object0123456789object0123456789object0123456789object0123456789object0123456789object0123456789object0123456789bad]: Invalid argument: Object name should not exceed 1024 characters.
2015-11-16 17:09:57 INFO  testcore.DataStoreTester:164 - ----------- DONE testGetObjectStream-----------
2015-11-16 17:09:57 INFO  testcoretests.DsTest1:96 - DataStoreHpTest constructor
2015-11-16 17:09:57 INFO  testcore.DataStoreTester:156 - ----------- testGetObjectMetadata-----------
2015-11-16 17:09:57 INFO  dsfs.FSDataStoreImpl:1294 - DataStoreException: [INVALID_ARGUMENT] Invalid argument: Container name contains illegal characters. Illegal characters are [\/:*?"<>|%]
2015-11-16 17:09:57 INFO  dsfs.FSDataStoreImpl:1294 - DataStoreException: [INVALID_ARGUMENT] Invalid argument: Invalid container name [a/b]: Invalid argument: Container name contains illegal characters. Illegal characters are [\/:*?"<>|%]
2015-11-16 17:09:57 INFO  testcore.DataStoreTester:135 - Got expected exception with reason: INVALID_ARGUMENT : Invalid argument: Invalid container name [a/b]: Invalid argument: Container name contains illegal characters. Illegal characters are [\/:*?"<>|%]
2015-11-16 17:09:57 INFO  dsfs.FSDataStoreImpl:1294 - DataStoreException: [CONTAINER_OR_OBJECT_NOT_FOUND] Container temp-pof-552771578368171904 does not exist
2015-11-16 17:09:57 INFO  testcore.DataStoreTester:135 - Got expected exception with reason: CONTAINER_OR_OBJECT_NOT_FOUND : Container temp-pof-552771578368171904 does not exist
2015-11-16 17:09:57 INFO  dsfs.FSDataStoreImpl:1294 - DataStoreException: [CONTAINER_OR_OBJECT_NOT_FOUND] Object with key xxx does not exist in container secsto-test-1
2015-11-16 17:09:57 INFO  testcore.DataStoreTester:135 - Got expected exception with reason: CONTAINER_OR_OBJECT_NOT_FOUND : Object with key xxx does not exist in container secsto-test-1
2015-11-16 17:09:57 INFO  dsfs.FSDataStoreImpl:1294 - DataStoreException: [INVALID_ARGUMENT] Invalid argument: Object name cann't be null or an empty string.
2015-11-16 17:09:57 INFO  testcore.DataStoreTester:135 - Got expected exception with reason: INVALID_ARGUMENT : Invalid argument: Object name cann't be null or an empty string.
2015-11-16 17:09:57 INFO  dsfs.FSDataStoreImpl:1294 - DataStoreException: [INVALID_ARGUMENT] Invalid argument: Object name cann't be null or an empty string.
2015-11-16 17:09:57 INFO  testcore.DataStoreTester:135 - Got expected exception with reason: INVALID_ARGUMENT : Invalid argument: Object name cann't be null or an empty string.
2015-11-16 17:09:57 INFO  dsfs.FSDataStoreImpl:1294 - DataStoreException: [INVALID_ARGUMENT] Invalid argument: Object name should not exceed 1024 characters.
2015-11-16 17:09:57 INFO  dsfs.FSDataStoreImpl:1294 - DataStoreException: [INVALID_ARGUMENT] Invalid argument: Invalid object name [object0123456789object0123456789object0123456789object0123456789object0123456789object0123456789object0123456789object0123456789object0123456789object0123456789object0123456789object0123456789object0123456789object0123456789object0123456789object0123456789object0123456789object0123456789object0123456789object0123456789object0123456789object0123456789object0123456789object0123456789object0123456789object0123456789object0123456789object0123456789object0123456789object0123456789object0123456789object0123456789object0123456789object0123456789object0123456789object0123456789object0123456789object0123456789object0123456789object0123456789object0123456789object0123456789object0123456789object0123456789object0123456789object0123456789object0123456789object0123456789object0123456789object0123456789object0123456789object0123456789object0123456789object0123456789object0123456789object0123456789object0123456789object0123456789object0123456789object0123456789object0123456789object0123456789object0123456789object0123456789bad]: Invalid argument: Object name should not exceed 1024 characters.
2015-11-16 17:09:57 INFO  testcore.DataStoreTester:135 - Got expected exception with reason: INVALID_ARGUMENT : Invalid argument: Invalid object name [object0123456789object0123456789object0123456789object0123456789object0123456789object0123456789object0123456789object0123456789object0123456789object0123456789object0123456789object0123456789object0123456789object0123456789object0123456789object0123456789object0123456789object0123456789object0123456789object0123456789object0123456789object0123456789object0123456789object0123456789object0123456789object0123456789object0123456789object0123456789object0123456789object0123456789object0123456789object0123456789object0123456789object0123456789object0123456789object0123456789object0123456789object0123456789object0123456789object0123456789object0123456789object0123456789object0123456789object0123456789object0123456789object0123456789object0123456789object0123456789object0123456789object0123456789object0123456789object0123456789object0123456789object0123456789object0123456789object0123456789object0123456789object0123456789object0123456789object0123456789object0123456789object0123456789object0123456789object0123456789bad]: Invalid argument: Object name should not exceed 1024 characters.
2015-11-16 17:09:57 INFO  testcore.DataStoreTester:164 - ----------- DONE testGetObjectMetadata-----------
2015-11-16 17:09:57 INFO  testcoretests.DsTest1:96 - DataStoreHpTest constructor
2015-11-16 17:09:57 INFO  testcore.DataStoreTester:156 - ----------- testDeleteMetadata-----------
2015-11-16 17:09:57 INFO  dsfs.FSDataStoreImpl:1294 - DataStoreException: [INVALID_ARGUMENT] Metadata key cann't be null or an empty string.
2015-11-16 17:09:57 INFO  testcore.DataStoreTester:135 - Got expected exception with reason: INVALID_ARGUMENT : Metadata key cann't be null or an empty string.
2015-11-16 17:09:57 INFO  dsfs.FSDataStoreImpl:1294 - DataStoreException: [INVALID_ARGUMENT] Metadata key cann't be null or an empty string.
2015-11-16 17:09:57 INFO  testcore.DataStoreTester:135 - Got expected exception with reason: INVALID_ARGUMENT : Metadata key cann't be null or an empty string.
2015-11-16 17:09:57 INFO  dsfs.FSDataStoreImpl:1294 - DataStoreException: [INVALID_ARGUMENT] Invalid argument: deleteMetadata key not found: asdfasdfasdfasdf
2015-11-16 17:09:57 INFO  testcore.DataStoreTester:135 - Got expected exception with reason: INVALID_ARGUMENT : Invalid argument: deleteMetadata key not found: asdfasdfasdfasdf
2015-11-16 17:09:57 INFO  dsfs.FSDataStoreImpl:1294 - DataStoreException: [INVALID_ARGUMENT] Invalid argument: Metadata key may not start with reserved prefix 'secsto-': secsto-xyz
2015-11-16 17:09:57 INFO  testcore.DataStoreTester:135 - Got expected exception with reason: INVALID_ARGUMENT : Invalid argument: Metadata key may not start with reserved prefix 'secsto-': secsto-xyz
2015-11-16 17:09:57 INFO  dsfs.FSDataStoreImpl:1294 - DataStoreException: [INVALID_ARGUMENT] Invalid argument: Object name cann't be null or an empty string.
2015-11-16 17:09:57 INFO  testcore.DataStoreTester:135 - Got expected exception with reason: INVALID_ARGUMENT : Invalid argument: Object name cann't be null or an empty string.
2015-11-16 17:09:57 INFO  dsfs.FSDataStoreImpl:1294 - DataStoreException: [INVALID_ARGUMENT] Invalid argument: Object name cann't be null or an empty string.
2015-11-16 17:09:57 INFO  testcore.DataStoreTester:135 - Got expected exception with reason: INVALID_ARGUMENT : Invalid argument: Object name cann't be null or an empty string.
2015-11-16 17:09:57 INFO  dsfs.FSDataStoreImpl:1294 - DataStoreException: [INVALID_ARGUMENT] Invalid argument: Object name should not exceed 1024 characters.
2015-11-16 17:09:57 INFO  dsfs.FSDataStoreImpl:1294 - DataStoreException: [INVALID_ARGUMENT] Invalid argument: Invalid object name [object0123456789object0123456789object0123456789object0123456789object0123456789object0123456789object0123456789object0123456789object0123456789object0123456789object0123456789object0123456789object0123456789object0123456789object0123456789object0123456789object0123456789object0123456789object0123456789object0123456789object0123456789object0123456789object0123456789object0123456789object0123456789object0123456789object0123456789object0123456789object0123456789object0123456789object0123456789object0123456789object0123456789object0123456789object0123456789object0123456789object0123456789object0123456789object0123456789object0123456789object0123456789object0123456789object0123456789object0123456789object0123456789object0123456789object0123456789object0123456789object0123456789object0123456789object0123456789object0123456789object0123456789object0123456789object0123456789object0123456789object0123456789object0123456789object0123456789object0123456789object0123456789object0123456789object0123456789object0123456789bad]: Invalid argument: Object name should not exceed 1024 characters.
2015-11-16 17:09:57 INFO  testcore.DataStoreTester:135 - Got expected exception with reason: INVALID_ARGUMENT : Invalid argument: Invalid object name [object0123456789object0123456789object0123456789object0123456789object0123456789object0123456789object0123456789object0123456789object0123456789object0123456789object0123456789object0123456789object0123456789object0123456789object0123456789object0123456789object0123456789object0123456789object0123456789object0123456789object0123456789object0123456789object0123456789object0123456789object0123456789object0123456789object0123456789object0123456789object0123456789object0123456789object0123456789object0123456789object0123456789object0123456789object0123456789object0123456789object0123456789object0123456789object0123456789object0123456789object0123456789object0123456789object0123456789object0123456789object0123456789object0123456789object0123456789object0123456789object0123456789object0123456789object0123456789object0123456789object0123456789object0123456789object0123456789object0123456789object0123456789object0123456789object0123456789object0123456789object0123456789object0123456789object0123456789object0123456789bad]: Invalid argument: Object name should not exceed 1024 characters.
2015-11-16 17:09:57 INFO  testcore.DataStoreTester:164 - ----------- DONE testDeleteMetadata-----------
2015-11-16 17:09:57 INFO  testcoretests.DsTest1:96 - DataStoreHpTest constructor
2015-11-16 17:09:57 INFO  testcore.DataStoreTester:156 - ----------- testDeleteContainerContentsPrefix-----------
2015-11-16 17:09:57 INFO  dsfs.FSDataStoreImpl:1294 - DataStoreException: [INVALID_ARGUMENT] Invalid argument: Container name contains illegal characters. Illegal characters are [\/:*?"<>|%]
2015-11-16 17:09:57 INFO  dsfs.FSDataStoreImpl:1294 - DataStoreException: [INVALID_ARGUMENT] Invalid argument: Invalid container name [a/b]: Invalid argument: Container name contains illegal characters. Illegal characters are [\/:*?"<>|%]
2015-11-16 17:09:57 INFO  testcore.DataStoreTester:135 - Got expected exception with reason: INVALID_ARGUMENT : Invalid argument: Invalid container name [a/b]: Invalid argument: Container name contains illegal characters. Illegal characters are [\/:*?"<>|%]
2015-11-16 17:09:57 INFO  dsfs.FSDataStoreImpl:1294 - DataStoreException: [CONTAINER_OR_OBJECT_NOT_FOUND] Container with name temp-dccp-297232432494481408 does not exist
2015-11-16 17:09:57 INFO  testcore.DataStoreTester:135 - Got expected exception with reason: CONTAINER_OR_OBJECT_NOT_FOUND : Container with name temp-dccp-297232432494481408 does not exist
2015-11-16 17:09:57 INFO  testcore.DataStoreTester:164 - ----------- DONE testDeleteContainerContentsPrefix-----------
2015-11-16 17:09:57 INFO  testcoretests.DsTest1:96 - DataStoreHpTest constructor
2015-11-16 17:09:57 INFO  testcore.DataStoreTester:156 - ----------- smoke-----------
2015-11-16 17:09:57 INFO  testcore.TestOp:52 - Created container temp-smoke-672888864549839488: true
2015-11-16 17:09:57 INFO  testcore.TestOp:852 - Mon Nov 16 17:09:57 BRST 2015 :: Mon Nov 16 17:09:57 BRST 2015 :: Mon Nov 16 17:09:57 BRST 2015
2015-11-16 17:09:58 INFO  testcore.TestOp:908 - Mon Nov 16 17:09:58 BRST 2015 :: Mon Nov 16 17:09:58 BRST 2015 :: Mon Nov 16 17:09:58 BRST 2015
2015-11-16 17:09:58 INFO  testcore.DataStoreTester:164 - ----------- DONE smoke-----------
2015-11-16 17:09:58 INFO  testcoretests.DsTest1:96 - DataStoreHpTest constructor
2015-11-16 17:09:58 INFO  testcore.DataStoreTester:156 - ----------- testZeroByteFile-----------
2015-11-16 17:09:58 INFO  testcore.TestOp:852 - Mon Nov 16 17:09:58 BRST 2015 :: Mon Nov 16 17:09:58 BRST 2015 :: Mon Nov 16 17:09:58 BRST 2015
2015-11-16 17:09:58 INFO  testcore.TestOp:908 - Mon Nov 16 17:09:58 BRST 2015 :: Mon Nov 16 17:09:58 BRST 2015 :: Mon Nov 16 17:09:58 BRST 2015
2015-11-16 17:09:58 INFO  testcore.DataStoreTester:164 - ----------- DONE testZeroByteFile-----------
2015-11-16 17:09:58 INFO  testcoretests.DsTest1:96 - DataStoreHpTest constructor
2015-11-16 17:09:58 INFO  testcore.DataStoreTester:156 - ----------- testListObjects-----------
2015-11-16 17:09:58 INFO  dsfs.FSDataStoreImpl:1294 - DataStoreException: [CONTAINER_OR_OBJECT_NOT_FOUND] Container with name bad-88735713370572848 does not exist
2015-11-16 17:09:58 INFO  testcore.DataStoreTester:135 - Got expected exception with reason: CONTAINER_OR_OBJECT_NOT_FOUND : Container with name bad-88735713370572848 does not exist
2015-11-16 17:09:58 INFO  dsfs.FSDataStoreImpl:1294 - DataStoreException: [INVALID_ARGUMENT] Invalid argument: Null object prefix
2015-11-16 17:09:58 INFO  testcore.DataStoreTester:135 - Got expected exception with reason: INVALID_ARGUMENT : Invalid argument: Null object prefix
2015-11-16 17:09:58 INFO  dsfs.FSDataStoreImpl:1294 - DataStoreException: [INVALID_ARGUMENT] Invalid argument: Object name should not exceed 1024 characters.
2015-11-16 17:09:58 INFO  dsfs.FSDataStoreImpl:1294 - DataStoreException: [INVALID_ARGUMENT] Invalid argument: Invalid object prefix [object0123456789object0123456789object0123456789object0123456789object0123456789object0123456789object0123456789object0123456789object0123456789object0123456789object0123456789object0123456789object0123456789object0123456789object0123456789object0123456789object0123456789object0123456789object0123456789object0123456789object0123456789object0123456789object0123456789object0123456789object0123456789object0123456789object0123456789object0123456789object0123456789object0123456789object0123456789object0123456789object0123456789object0123456789object0123456789object0123456789object0123456789object0123456789object0123456789object0123456789object0123456789object0123456789object0123456789object0123456789object0123456789object0123456789object0123456789object0123456789object0123456789object0123456789object0123456789object0123456789object0123456789object0123456789object0123456789object0123456789object0123456789object0123456789object0123456789object0123456789object0123456789object0123456789object0123456789object0123456789bad]: Invalid argument: Object name should not exceed 1024 characters.
2015-11-16 17:09:58 INFO  testcore.DataStoreTester:135 - Got expected exception with reason: INVALID_ARGUMENT : Invalid argument: Invalid object prefix [object0123456789object0123456789object0123456789object0123456789object0123456789object0123456789object0123456789object0123456789object0123456789object0123456789object0123456789object0123456789object0123456789object0123456789object0123456789object0123456789object0123456789object0123456789object0123456789object0123456789object0123456789object0123456789object0123456789object0123456789object0123456789object0123456789object0123456789object0123456789object0123456789object0123456789object0123456789object0123456789object0123456789object0123456789object0123456789object0123456789object0123456789object0123456789object0123456789object0123456789object0123456789object0123456789object0123456789object0123456789object0123456789object0123456789object0123456789object0123456789object0123456789object0123456789object0123456789object0123456789object0123456789object0123456789object0123456789object0123456789object0123456789object0123456789object0123456789object0123456789object0123456789object0123456789object0123456789object0123456789bad]: Invalid argument: Object name should not exceed 1024 characters.
2015-11-16 17:09:58 INFO  testcore.DataStoreTester:164 - ----------- DONE testListObjects-----------
2015-11-16 17:09:58 INFO  testcoretests.DsTest1:96 - DataStoreHpTest constructor
2015-11-16 17:09:58 INFO  testcore.DataStoreTester:156 - ----------- testObjectCount-----------
2015-11-16 17:09:58 INFO  dsfs.FSDataStoreImpl:1294 - DataStoreException: [CONTAINER_OR_OBJECT_NOT_FOUND] Container with name temp-coc-855925230442002944 does not exist
2015-11-16 17:09:58 INFO  testcore.DataStoreTester:135 - Got expected exception with reason: CONTAINER_OR_OBJECT_NOT_FOUND : Container with name temp-coc-855925230442002944 does not exist
2015-11-16 17:09:58 INFO  dsfs.FSDataStoreImpl:1294 - DataStoreException: [INVALID_ARGUMENT] Invalid argument: Container name contains illegal characters. Illegal characters are [\/:*?"<>|%]
2015-11-16 17:09:58 INFO  dsfs.FSDataStoreImpl:1294 - DataStoreException: [INVALID_ARGUMENT] Invalid argument: Invalid container name [a/b]: Invalid argument: Container name contains illegal characters. Illegal characters are [\/:*?"<>|%]
2015-11-16 17:09:58 INFO  testcore.DataStoreTester:135 - Got expected exception with reason: INVALID_ARGUMENT : Invalid argument: Invalid container name [a/b]: Invalid argument: Container name contains illegal characters. Illegal characters are [\/:*?"<>|%]
2015-11-16 17:09:58 INFO  testcore.DataStoreTester:164 - ----------- DONE testObjectCount-----------
2015-11-16 17:09:58 INFO  testcoretests.DsTest1:96 - DataStoreHpTest constructor
2015-11-16 17:09:58 INFO  testcore.DataStoreTester:156 - ----------- testObjectExists-----------
2015-11-16 17:09:58 INFO  dsfs.FSDataStoreImpl:1294 - DataStoreException: [CONTAINER_OR_OBJECT_NOT_FOUND] Container temp-oe-364387764929075904 does not exist
2015-11-16 17:09:58 INFO  testcore.DataStoreTester:135 - Got expected exception with reason: CONTAINER_OR_OBJECT_NOT_FOUND : Container temp-oe-364387764929075904 does not exist
2015-11-16 17:09:58 INFO  testcore.TestOp:658 - objectExists(secsto-test-1,obj1)=false
2015-11-16 17:09:58 INFO  testcore.TestOp:658 - objectExists(secsto-test-1,obj1)=true
2015-11-16 17:09:58 INFO  testcore.TestOp:658 - objectExists(secsto-test-1,xxx)=false
2015-11-16 17:09:58 INFO  dsfs.FSDataStoreImpl:1294 - DataStoreException: [INVALID_ARGUMENT] Invalid argument: Container name contains illegal characters. Illegal characters are [\/:*?"<>|%]
2015-11-16 17:09:58 INFO  dsfs.FSDataStoreImpl:1294 - DataStoreException: [INVALID_ARGUMENT] Invalid argument: Invalid container name [a/b]: Invalid argument: Container name contains illegal characters. Illegal characters are [\/:*?"<>|%]
2015-11-16 17:09:58 INFO  testcore.DataStoreTester:135 - Got expected exception with reason: INVALID_ARGUMENT : Invalid argument: Invalid container name [a/b]: Invalid argument: Container name contains illegal characters. Illegal characters are [\/:*?"<>|%]
2015-11-16 17:09:58 INFO  dsfs.FSDataStoreImpl:1294 - DataStoreException: [INVALID_ARGUMENT] Invalid argument: Object name cann't be null or an empty string.
2015-11-16 17:09:58 INFO  testcore.DataStoreTester:135 - Got expected exception with reason: INVALID_ARGUMENT : Invalid argument: Object name cann't be null or an empty string.
2015-11-16 17:09:58 INFO  dsfs.FSDataStoreImpl:1294 - DataStoreException: [INVALID_ARGUMENT] Invalid argument: Object name cann't be null or an empty string.
2015-11-16 17:09:58 INFO  testcore.DataStoreTester:135 - Got expected exception with reason: INVALID_ARGUMENT : Invalid argument: Object name cann't be null or an empty string.
2015-11-16 17:09:58 INFO  dsfs.FSDataStoreImpl:1294 - DataStoreException: [INVALID_ARGUMENT] Invalid argument: Object name should not exceed 1024 characters.
2015-11-16 17:09:58 INFO  dsfs.FSDataStoreImpl:1294 - DataStoreException: [INVALID_ARGUMENT] Invalid argument: Invalid object name [object0123456789object0123456789object0123456789object0123456789object0123456789object0123456789object0123456789object0123456789object0123456789object0123456789object0123456789object0123456789object0123456789object0123456789object0123456789object0123456789object0123456789object0123456789object0123456789object0123456789object0123456789object0123456789object0123456789object0123456789object0123456789object0123456789object0123456789object0123456789object0123456789object0123456789object0123456789object0123456789object0123456789object0123456789object0123456789object0123456789object0123456789object0123456789object0123456789object0123456789object0123456789object0123456789object0123456789object0123456789object0123456789object0123456789object0123456789object0123456789object0123456789object0123456789object0123456789object0123456789object0123456789object0123456789object0123456789object0123456789object0123456789object0123456789object0123456789object0123456789object0123456789object0123456789object0123456789object0123456789bad]: Invalid argument: Object name should not exceed 1024 characters.
2015-11-16 17:09:58 INFO  testcore.DataStoreTester:135 - Got expected exception with reason: INVALID_ARGUMENT : Invalid argument: Invalid object name [object0123456789object0123456789object0123456789object0123456789object0123456789object0123456789object0123456789object0123456789object0123456789object0123456789object0123456789object0123456789object0123456789object0123456789object0123456789object0123456789object0123456789object0123456789object0123456789object0123456789object0123456789object0123456789object0123456789object0123456789object0123456789object0123456789object0123456789object0123456789object0123456789object0123456789object0123456789object0123456789object0123456789object0123456789object0123456789object0123456789object0123456789object0123456789object0123456789object0123456789object0123456789object0123456789object0123456789object0123456789object0123456789object0123456789object0123456789object0123456789object0123456789object0123456789object0123456789object0123456789object0123456789object0123456789object0123456789object0123456789object0123456789object0123456789object0123456789object0123456789object0123456789object0123456789object0123456789object0123456789bad]: Invalid argument: Object name should not exceed 1024 characters.
2015-11-16 17:09:58 INFO  testcore.DataStoreTester:164 - ----------- DONE testObjectExists-----------
2015-11-16 17:09:58 INFO  testcoretests.DsTest1:96 - DataStoreHpTest constructor
2015-11-16 17:09:58 INFO  testcore.DataStoreTester:156 - ----------- testDeleteObject-----------
2015-11-16 17:09:58 INFO  dsfs.FSDataStoreImpl:1294 - DataStoreException: [INVALID_ARGUMENT] Invalid argument: Container name contains illegal characters. Illegal characters are [\/:*?"<>|%]
2015-11-16 17:09:58 INFO  dsfs.FSDataStoreImpl:1294 - DataStoreException: [INVALID_ARGUMENT] Invalid argument: Invalid container name [a/b]: Invalid argument: Container name contains illegal characters. Illegal characters are [\/:*?"<>|%]
2015-11-16 17:09:58 INFO  testcore.DataStoreTester:135 - Got expected exception with reason: INVALID_ARGUMENT : Invalid argument: Invalid container name [a/b]: Invalid argument: Container name contains illegal characters. Illegal characters are [\/:*?"<>|%]
2015-11-16 17:09:58 INFO  dsfs.FSDataStoreImpl:1294 - DataStoreException: [CONTAINER_OR_OBJECT_NOT_FOUND] Container temp-do-238750972584986016 does not exist
2015-11-16 17:09:58 INFO  testcore.DataStoreTester:135 - Got expected exception with reason: CONTAINER_OR_OBJECT_NOT_FOUND : Container temp-do-238750972584986016 does not exist
2015-11-16 17:09:58 INFO  dsfs.FSDataStoreImpl:1294 - DataStoreException: [CONTAINER_OR_OBJECT_NOT_FOUND] Object does not exist: xxx
2015-11-16 17:09:58 INFO  testcore.DataStoreTester:135 - Got expected exception with reason: CONTAINER_OR_OBJECT_NOT_FOUND : Object does not exist: xxx
2015-11-16 17:09:58 INFO  dsfs.FSDataStoreImpl:1294 - DataStoreException: [INVALID_ARGUMENT] Invalid argument: Object name cann't be null or an empty string.
2015-11-16 17:09:58 INFO  testcore.DataStoreTester:135 - Got expected exception with reason: INVALID_ARGUMENT : Invalid argument: Object name cann't be null or an empty string.
2015-11-16 17:09:58 INFO  dsfs.FSDataStoreImpl:1294 - DataStoreException: [INVALID_ARGUMENT] Invalid argument: Object name cann't be null or an empty string.
2015-11-16 17:09:58 INFO  testcore.DataStoreTester:135 - Got expected exception with reason: INVALID_ARGUMENT : Invalid argument: Object name cann't be null or an empty string.
2015-11-16 17:09:58 INFO  dsfs.FSDataStoreImpl:1294 - DataStoreException: [INVALID_ARGUMENT] Invalid argument: Object name should not exceed 1024 characters.
2015-11-16 17:09:58 INFO  dsfs.FSDataStoreImpl:1294 - DataStoreException: [INVALID_ARGUMENT] Invalid argument: Invalid object name [object0123456789object0123456789object0123456789object0123456789object0123456789object0123456789object0123456789object0123456789object0123456789object0123456789object0123456789object0123456789object0123456789object0123456789object0123456789object0123456789object0123456789object0123456789object0123456789object0123456789object0123456789object0123456789object0123456789object0123456789object0123456789object0123456789object0123456789object0123456789object0123456789object0123456789object0123456789object0123456789object0123456789object0123456789object0123456789object0123456789object0123456789object0123456789object0123456789object0123456789object0123456789object0123456789object0123456789object0123456789object0123456789object0123456789object0123456789object0123456789object0123456789object0123456789object0123456789object0123456789object0123456789object0123456789object0123456789object0123456789object0123456789object0123456789object0123456789object0123456789object0123456789object0123456789object0123456789object0123456789bad]: Invalid argument: Object name should not exceed 1024 characters.
2015-11-16 17:09:58 INFO  testcore.DataStoreTester:135 - Got expected exception with reason: INVALID_ARGUMENT : Invalid argument: Invalid object name [object0123456789object0123456789object0123456789object0123456789object0123456789object0123456789object0123456789object0123456789object0123456789object0123456789object0123456789object0123456789object0123456789object0123456789object0123456789object0123456789object0123456789object0123456789object0123456789object0123456789object0123456789object0123456789object0123456789object0123456789object0123456789object0123456789object0123456789object0123456789object0123456789object0123456789object0123456789object0123456789object0123456789object0123456789object0123456789object0123456789object0123456789object0123456789object0123456789object0123456789object0123456789object0123456789object0123456789object0123456789object0123456789object0123456789object0123456789object0123456789object0123456789object0123456789object0123456789object0123456789object0123456789object0123456789object0123456789object0123456789object0123456789object0123456789object0123456789object0123456789object0123456789object0123456789object0123456789object0123456789bad]: Invalid argument: Object name should not exceed 1024 characters.
2015-11-16 17:09:58 INFO  testcore.DataStoreTester:164 - ----------- DONE testDeleteObject-----------
2015-11-16 17:09:58 INFO  testcoretests.DsTest1:96 - DataStoreHpTest constructor
2015-11-16 17:09:59 INFO  testcore.DataStoreTester:156 - ----------- testCopyObject-----------
2015-11-16 17:09:59 INFO  dsfs.FSDataStoreImpl:1294 - DataStoreException: [CONTAINER_OR_OBJECT_NOT_FOUND] Source container temp-co-3141306688430046 does not exist
2015-11-16 17:09:59 INFO  testcore.DataStoreTester:135 - Got expected exception with reason: CONTAINER_OR_OBJECT_NOT_FOUND : Source container temp-co-3141306688430046 does not exist
2015-11-16 17:09:59 INFO  dsfs.FSDataStoreImpl:1294 - DataStoreException: [CONTAINER_OR_OBJECT_NOT_FOUND] Source container temp-co-3141306688430046 does not exist
2015-11-16 17:09:59 INFO  testcore.DataStoreTester:135 - Got expected exception with reason: CONTAINER_OR_OBJECT_NOT_FOUND : Source container temp-co-3141306688430046 does not exist
2015-11-16 17:09:59 INFO  dsfs.FSDataStoreImpl:1294 - DataStoreException: [INVALID_ARGUMENT] Invalid argument: Container name contains illegal characters. Illegal characters are [\/:*?"<>|%]
2015-11-16 17:09:59 INFO  dsfs.FSDataStoreImpl:1294 - DataStoreException: [INVALID_ARGUMENT] Invalid argument: Invalid container name [a/b]: Invalid argument: Container name contains illegal characters. Illegal characters are [\/:*?"<>|%]
2015-11-16 17:09:59 INFO  testcore.DataStoreTester:135 - Got expected exception with reason: INVALID_ARGUMENT : Invalid argument: Invalid container name [a/b]: Invalid argument: Container name contains illegal characters. Illegal characters are [\/:*?"<>|%]
2015-11-16 17:09:59 INFO  dsfs.FSDataStoreImpl:1294 - DataStoreException: [INVALID_ARGUMENT] Invalid argument: Container name contains illegal characters. Illegal characters are [\/:*?"<>|%]
2015-11-16 17:09:59 INFO  dsfs.FSDataStoreImpl:1294 - DataStoreException: [INVALID_ARGUMENT] Invalid argument: Invalid container name [a/b]: Invalid argument: Container name contains illegal characters. Illegal characters are [\/:*?"<>|%]
2015-11-16 17:09:59 INFO  testcore.DataStoreTester:135 - Got expected exception with reason: INVALID_ARGUMENT : Invalid argument: Invalid container name [a/b]: Invalid argument: Container name contains illegal characters. Illegal characters are [\/:*?"<>|%]
2015-11-16 17:09:59 INFO  dsfs.FSDataStoreImpl:1294 - DataStoreException: [INVALID_ARGUMENT] Invalid argument: Object name cann't be null or an empty string.
2015-11-16 17:09:59 INFO  testcore.DataStoreTester:135 - Got expected exception with reason: INVALID_ARGUMENT : Invalid argument: Object name cann't be null or an empty string.
2015-11-16 17:09:59 INFO  dsfs.FSDataStoreImpl:1294 - DataStoreException: [INVALID_ARGUMENT] Invalid argument: Object name cann't be null or an empty string.
2015-11-16 17:09:59 INFO  testcore.DataStoreTester:135 - Got expected exception with reason: INVALID_ARGUMENT : Invalid argument: Object name cann't be null or an empty string.
2015-11-16 17:09:59 INFO  dsfs.FSDataStoreImpl:1294 - DataStoreException: [INVALID_ARGUMENT] Invalid argument: Object name should not exceed 1024 characters.
2015-11-16 17:09:59 INFO  dsfs.FSDataStoreImpl:1294 - DataStoreException: [INVALID_ARGUMENT] Invalid argument: Invalid object name [object0123456789object0123456789object0123456789object0123456789object0123456789object0123456789object0123456789object0123456789object0123456789object0123456789object0123456789object0123456789object0123456789object0123456789object0123456789object0123456789object0123456789object0123456789object0123456789object0123456789object0123456789object0123456789object0123456789object0123456789object0123456789object0123456789object0123456789object0123456789object0123456789object0123456789object0123456789object0123456789object0123456789object0123456789object0123456789object0123456789object0123456789object0123456789object0123456789object0123456789object0123456789object0123456789object0123456789object0123456789object0123456789object0123456789object0123456789object0123456789object0123456789object0123456789object0123456789object0123456789object0123456789object0123456789object0123456789object0123456789object0123456789object0123456789object0123456789object0123456789object0123456789object0123456789object0123456789object0123456789bad]: Invalid argument: Object name should not exceed 1024 characters.
2015-11-16 17:09:59 INFO  testcore.DataStoreTester:135 - Got expected exception with reason: INVALID_ARGUMENT : Invalid argument: Invalid object name [object0123456789object0123456789object0123456789object0123456789object0123456789object0123456789object0123456789object0123456789object0123456789object0123456789object0123456789object0123456789object0123456789object0123456789object0123456789object0123456789object0123456789object0123456789object0123456789object0123456789object0123456789object0123456789object0123456789object0123456789object0123456789object0123456789object0123456789object0123456789object0123456789object0123456789object0123456789object0123456789object0123456789object0123456789object0123456789object0123456789object0123456789object0123456789object0123456789object0123456789object0123456789object0123456789object0123456789object0123456789object0123456789object0123456789object0123456789object0123456789object0123456789object0123456789object0123456789object0123456789object0123456789object0123456789object0123456789object0123456789object0123456789object0123456789object0123456789object0123456789object0123456789object0123456789object0123456789object0123456789bad]: Invalid argument: Object name should not exceed 1024 characters.
2015-11-16 17:09:59 INFO  dsfs.FSDataStoreImpl:1294 - DataStoreException: [INVALID_ARGUMENT] Invalid argument: Object name cann't be null or an empty string.
2015-11-16 17:09:59 INFO  testcore.DataStoreTester:135 - Got expected exception with reason: INVALID_ARGUMENT : Invalid argument: Object name cann't be null or an empty string.
2015-11-16 17:09:59 INFO  dsfs.FSDataStoreImpl:1294 - DataStoreException: [INVALID_ARGUMENT] Invalid argument: Object name cann't be null or an empty string.
2015-11-16 17:09:59 INFO  testcore.DataStoreTester:135 - Got expected exception with reason: INVALID_ARGUMENT : Invalid argument: Object name cann't be null or an empty string.
2015-11-16 17:09:59 INFO  dsfs.FSDataStoreImpl:1294 - DataStoreException: [INVALID_ARGUMENT] Invalid argument: Object name should not exceed 1024 characters.
2015-11-16 17:09:59 INFO  dsfs.FSDataStoreImpl:1294 - DataStoreException: [INVALID_ARGUMENT] Invalid argument: Invalid object name [object0123456789object0123456789object0123456789object0123456789object0123456789object0123456789object0123456789object0123456789object0123456789object0123456789object0123456789object0123456789object0123456789object0123456789object0123456789object0123456789object0123456789object0123456789object0123456789object0123456789object0123456789object0123456789object0123456789object0123456789object0123456789object0123456789object0123456789object0123456789object0123456789object0123456789object0123456789object0123456789object0123456789object0123456789object0123456789object0123456789object0123456789object0123456789object0123456789object0123456789object0123456789object0123456789object0123456789object0123456789object0123456789object0123456789object0123456789object0123456789object0123456789object0123456789object0123456789object0123456789object0123456789object0123456789object0123456789object0123456789object0123456789object0123456789object0123456789object0123456789object0123456789object0123456789object0123456789object0123456789bad]: Invalid argument: Object name should not exceed 1024 characters.
2015-11-16 17:09:59 INFO  testcore.DataStoreTester:135 - Got expected exception with reason: INVALID_ARGUMENT : Invalid argument: Invalid object name [object0123456789object0123456789object0123456789object0123456789object0123456789object0123456789object0123456789object0123456789object0123456789object0123456789object0123456789object0123456789object0123456789object0123456789object0123456789object0123456789object0123456789object0123456789object0123456789object0123456789object0123456789object0123456789object0123456789object0123456789object0123456789object0123456789object0123456789object0123456789object0123456789object0123456789object0123456789object0123456789object0123456789object0123456789object0123456789object0123456789object0123456789object0123456789object0123456789object0123456789object0123456789object0123456789object0123456789object0123456789object0123456789object0123456789object0123456789object0123456789object0123456789object0123456789object0123456789object0123456789object0123456789object0123456789object0123456789object0123456789object0123456789object0123456789object0123456789object0123456789object0123456789object0123456789object0123456789object0123456789bad]: Invalid argument: Object name should not exceed 1024 characters.
2015-11-16 17:09:59 INFO  testcore.DataStoreTester:164 - ----------- DONE testCopyObject-----------
2015-11-16 17:09:59 INFO  testcoretests.DsTest1:96 - DataStoreHpTest constructor
2015-11-16 17:09:59 INFO  testcore.DataStoreTester:156 - ----------- testAddMetadata-----------
2015-11-16 17:09:59 INFO  dsfs.FSDataStoreImpl:1294 - DataStoreException: [CONTAINER_OR_OBJECT_NOT_FOUND] Container temp-am-398405042528765952 does not exist
2015-11-16 17:09:59 INFO  testcore.DataStoreTester:135 - Got expected exception with reason: CONTAINER_OR_OBJECT_NOT_FOUND : Container temp-am-398405042528765952 does not exist
2015-11-16 17:09:59 INFO  dsfs.FSDataStoreImpl:1294 - DataStoreException: [CONTAINER_OR_OBJECT_NOT_FOUND] Object with key obj-491558604479658624 does not exist in container secsto-test-1
2015-11-16 17:09:59 INFO  testcore.DataStoreTester:135 - Got expected exception with reason: CONTAINER_OR_OBJECT_NOT_FOUND : Object with key obj-491558604479658624 does not exist in container secsto-test-1
2015-11-16 17:09:59 INFO  dsfs.FSDataStoreImpl:1294 - DataStoreException: [INVALID_ARGUMENT] Invalid argument: Object name cann't be null or an empty string.
2015-11-16 17:09:59 INFO  testcore.DataStoreTester:135 - Got expected exception with reason: INVALID_ARGUMENT : Invalid argument: Object name cann't be null or an empty string.
2015-11-16 17:09:59 INFO  dsfs.FSDataStoreImpl:1294 - DataStoreException: [INVALID_ARGUMENT] Invalid argument: Object name cann't be null or an empty string.
2015-11-16 17:09:59 INFO  testcore.DataStoreTester:135 - Got expected exception with reason: INVALID_ARGUMENT : Invalid argument: Object name cann't be null or an empty string.
2015-11-16 17:09:59 INFO  dsfs.FSDataStoreImpl:1294 - DataStoreException: [INVALID_ARGUMENT] Invalid argument: Object name should not exceed 1024 characters.
2015-11-16 17:09:59 INFO  dsfs.FSDataStoreImpl:1294 - DataStoreException: [INVALID_ARGUMENT] Invalid argument: Invalid object name [object0123456789object0123456789object0123456789object0123456789object0123456789object0123456789object0123456789object0123456789object0123456789object0123456789object0123456789object0123456789object0123456789object0123456789object0123456789object0123456789object0123456789object0123456789object0123456789object0123456789object0123456789object0123456789object0123456789object0123456789object0123456789object0123456789object0123456789object0123456789object0123456789object0123456789object0123456789object0123456789object0123456789object0123456789object0123456789object0123456789object0123456789object0123456789object0123456789object0123456789object0123456789object0123456789object0123456789object0123456789object0123456789object0123456789object0123456789object0123456789object0123456789object0123456789object0123456789object0123456789object0123456789object0123456789object0123456789object0123456789object0123456789object0123456789object0123456789object0123456789object0123456789object0123456789object0123456789object0123456789bad]: Invalid argument: Object name should not exceed 1024 characters.
2015-11-16 17:09:59 INFO  testcore.DataStoreTester:135 - Got expected exception with reason: INVALID_ARGUMENT : Invalid argument: Invalid object name [object0123456789object0123456789object0123456789object0123456789object0123456789object0123456789object0123456789object0123456789object0123456789object0123456789object0123456789object0123456789object0123456789object0123456789object0123456789object0123456789object0123456789object0123456789object0123456789object0123456789object0123456789object0123456789object0123456789object0123456789object0123456789object0123456789object0123456789object0123456789object0123456789object0123456789object0123456789object0123456789object0123456789object0123456789object0123456789object0123456789object0123456789object0123456789object0123456789object0123456789object0123456789object0123456789object0123456789object0123456789object0123456789object0123456789object0123456789object0123456789object0123456789object0123456789object0123456789object0123456789object0123456789object0123456789object0123456789object0123456789object0123456789object0123456789object0123456789object0123456789object0123456789object0123456789object0123456789object0123456789bad]: Invalid argument: Object name should not exceed 1024 characters.
2015-11-16 17:09:59 INFO  testcore.DataStoreTester:164 - ----------- DONE testAddMetadata-----------
2015-11-16 17:09:59 INFO  testcoretests.DsTest1:96 - DataStoreHpTest constructor
2015-11-16 17:09:59 INFO  testcore.DataStoreTester:156 - ----------- testDummy-----------
2015-11-16 17:09:59 INFO  testcore.DataStoreTester:164 - ----------- DONE testDummy-----------


Executing @AfterClass tearDown routine.



Deleting containers whose names begin with temp-
2015-11-16 17:09:59 INFO  utils.MasterkeyGenerator:95 - Master key generated successfully.
2015-11-16 17:09:59 INFO  utils.MasterkeyGenerator:95 - Master key generated successfully.
Tests run: 34, Failures: 0, Errors: 0, Skipped: 0, Time elapsed: 3.009 sec
2015-11-16 17:09:59 INFO  coreutil.TempFileUtil:24 - TempFileUtil shutdown routine:
Java HotSpot(TM) 64-Bit Server VM warning: ignoring option UseSplitVerifier; support was removed in 8.0

Results :

Tests run: 35, Failures: 0, Errors: 0, Skipped: 0

[INFO]
[INFO] --- maven-bundle-plugin:2.3.7:bundle (default-bundle) @ ccp-secsto-datastore-fs ---
[INFO]
[INFO] --- maven-jar-plugin:2.4:test-jar (default) @ ccp-secsto-datastore-fs ---
[INFO] Building jar: C:\Users\navargab\Desktop\Projects\secsto\secsto-datastorefs\target\ccp-secsto-datastore-fs-1.7-SNAPSHOT-tests.jar
[INFO]
[INFO] >>> maven-source-plugin:2.2:jar (attach-sources) > generate-sources @ ccp-secsto-datastore-fs >>>
[INFO]
[INFO] <<< maven-source-plugin:2.2:jar (attach-sources) < generate-sources @ ccp-secsto-datastore-fs <<<
[INFO]
[INFO] --- maven-source-plugin:2.2:jar (attach-sources) @ ccp-secsto-datastore-fs ---
[INFO] Building jar: C:\Users\navargab\Desktop\Projects\secsto\secsto-datastorefs\target\ccp-secsto-datastore-fs-1.7-SNAPSHOT-sources.jar
[INFO]
[INFO] --- maven-install-plugin:2.3.1:install (default-install) @ ccp-secsto-datastore-fs ---
[INFO] Installing C:\Users\navargab\Desktop\Projects\secsto\secsto-datastorefs\target\ccp-secsto-datastore-fs-1.7-SNAPSHOT.jar to C:\Users\navargab.AUTH\.m2\repository\com\hp\ccp\secsto\ccp-secsto-datastore-fs\1.7-SNAPSHOT\ccp-secsto-datastore-fs-1.7-SNAPSHOT.jar
[INFO] Installing C:\Users\navargab\Desktop\Projects\secsto\secsto-datastorefs\pom.xml to C:\Users\navargab.AUTH\.m2\repository\com\hp\ccp\secsto\ccp-secsto-datastore-fs\1.7-SNAPSHOT\ccp-secsto-datastore-fs-1.7-SNAPSHOT.pom
[INFO] Installing C:\Users\navargab\Desktop\Projects\secsto\secsto-datastorefs\target\ccp-secsto-datastore-fs-1.7-SNAPSHOT-tests.jar to C:\Users\navargab.AUTH\.m2\repository\com\hp\ccp\secsto\ccp-secsto-datastore-fs\1.7-SNAPSHOT\ccp-secsto-datastore-fs-1.7-SNAPSHOT-tests.jar
[INFO] Installing C:\Users\navargab\Desktop\Projects\secsto\secsto-datastorefs\target\ccp-secsto-datastore-fs-1.7-SNAPSHOT-sources.jar to C:\Users\navargab.AUTH\.m2\repository\com\hp\ccp\secsto\ccp-secsto-datastore-fs\1.7-SNAPSHOT\ccp-secsto-datastore-fs-1.7-SNAPSHOT-sources.jar
[INFO]
[INFO] --- maven-bundle-plugin:2.3.7:install (default-install) @ ccp-secsto-datastore-fs ---
[INFO] Installing com/hp/ccp/secsto/ccp-secsto-datastore-fs/1.7-SNAPSHOT/ccp-secsto-datastore-fs-1.7-SNAPSHOT.jar
[INFO] Writing OBR metadata
[INFO]
[INFO] ------------------------------------------------------------------------
[INFO] Building SECSTO DataStore for HP Swift 1.7-SNAPSHOT
[INFO] ------------------------------------------------------------------------
[INFO]
[INFO] --- maven-clean-plugin:2.5:clean (default-clean) @ ccp-secsto-datastore-hp ---
[INFO] Deleting C:\Users\navargab\Desktop\Projects\secsto\secsto-datastorehp\target
[INFO]
[INFO] --- cobertura-maven-plugin:2.6:clean (clean) @ ccp-secsto-datastore-hp ---
[INFO]
[INFO] --- maven-resources-plugin:2.5:resources (default-resources) @ ccp-secsto-datastore-hp ---
[debug] execute contextualize
[INFO] Using 'UTF-8' encoding to copy filtered resources.
[INFO] skip non existing resourceDirectory C:\Users\navargab\Desktop\Projects\secsto\secsto-datastorehp\src\main\resources
[INFO]
[INFO] --- maven-compiler-plugin:2.5.1:compile (default-compile) @ ccp-secsto-datastore-hp ---
[INFO] Compiling 4 source files to C:\Users\navargab\Desktop\Projects\secsto\secsto-datastorehp\target\classes
[INFO]
[INFO] --- maven-compiler-plugin:2.5.1:testCompile (java-1.7-compile) @ ccp-secsto-datastore-hp ---
[INFO] Compiling 11 source files to C:\Users\navargab\Desktop\Projects\secsto\secsto-datastorehp\target\test-classes
[INFO]
[INFO] --- maven-resources-plugin:2.5:testResources (default-testResources) @ ccp-secsto-datastore-hp ---
[debug] execute contextualize
[INFO] Using 'UTF-8' encoding to copy filtered resources.
[INFO] Copying 10 resources
[INFO]
[INFO] --- maven-compiler-plugin:2.5.1:testCompile (default-testCompile) @ ccp-secsto-datastore-hp ---
[INFO] Nothing to compile - all classes are up to date
[INFO]
[INFO] --- maven-surefire-plugin:2.12:test (default-test) @ ccp-secsto-datastore-hp ---
[INFO] Surefire report directory: C:\Users\navargab\Desktop\Projects\secsto\secsto-datastorehp\target\surefire-reports

-------------------------------------------------------
 T E S T S
-------------------------------------------------------
Running com.hp.ccp.secsto.testhp.DsHpTest1
Tests run: 1, Failures: 0, Errors: 0, Skipped: 1, Time elapsed: 0.157 sec
Java HotSpot(TM) 64-Bit Server VM warning: ignoring option UseSplitVerifier; support was removed in 8.0

Results :

Tests run: 1, Failures: 0, Errors: 0, Skipped: 1

[INFO]
[INFO] --- maven-bundle-plugin:2.3.7:bundle (default-bundle) @ ccp-secsto-datastore-hp ---
[INFO]
[INFO] --- maven-jar-plugin:2.4:test-jar (default) @ ccp-secsto-datastore-hp ---
[INFO] Building jar: C:\Users\navargab\Desktop\Projects\secsto\secsto-datastorehp\target\ccp-secsto-datastore-hp-1.7-SNAPSHOT-tests.jar
[INFO]
[INFO] >>> maven-source-plugin:2.2:jar (attach-sources) > generate-sources @ ccp-secsto-datastore-hp >>>
[INFO]
[INFO] <<< maven-source-plugin:2.2:jar (attach-sources) < generate-sources @ ccp-secsto-datastore-hp <<<
[INFO]
[INFO] --- maven-source-plugin:2.2:jar (attach-sources) @ ccp-secsto-datastore-hp ---
[INFO] Building jar: C:\Users\navargab\Desktop\Projects\secsto\secsto-datastorehp\target\ccp-secsto-datastore-hp-1.7-SNAPSHOT-sources.jar
[INFO]
[INFO] --- maven-install-plugin:2.3.1:install (default-install) @ ccp-secsto-datastore-hp ---
[INFO] Installing C:\Users\navargab\Desktop\Projects\secsto\secsto-datastorehp\target\ccp-secsto-datastore-hp-1.7-SNAPSHOT.jar to C:\Users\navargab.AUTH\.m2\repository\com\hp\ccp\secsto\ccp-secsto-datastore-hp\1.7-SNAPSHOT\ccp-secsto-datastore-hp-1.7-SNAPSHOT.jar
[INFO] Installing C:\Users\navargab\Desktop\Projects\secsto\secsto-datastorehp\pom.xml to C:\Users\navargab.AUTH\.m2\repository\com\hp\ccp\secsto\ccp-secsto-datastore-hp\1.7-SNAPSHOT\ccp-secsto-datastore-hp-1.7-SNAPSHOT.pom
[INFO] Installing C:\Users\navargab\Desktop\Projects\secsto\secsto-datastorehp\target\ccp-secsto-datastore-hp-1.7-SNAPSHOT-tests.jar to C:\Users\navargab.AUTH\.m2\repository\com\hp\ccp\secsto\ccp-secsto-datastore-hp\1.7-SNAPSHOT\ccp-secsto-datastore-hp-1.7-SNAPSHOT-tests.jar
[INFO] Installing C:\Users\navargab\Desktop\Projects\secsto\secsto-datastorehp\target\ccp-secsto-datastore-hp-1.7-SNAPSHOT-sources.jar to C:\Users\navargab.AUTH\.m2\repository\com\hp\ccp\secsto\ccp-secsto-datastore-hp\1.7-SNAPSHOT\ccp-secsto-datastore-hp-1.7-SNAPSHOT-sources.jar
[INFO]
[INFO] --- maven-bundle-plugin:2.3.7:install (default-install) @ ccp-secsto-datastore-hp ---
[INFO] Installing com/hp/ccp/secsto/ccp-secsto-datastore-hp/1.7-SNAPSHOT/ccp-secsto-datastore-hp-1.7-SNAPSHOT.jar
[INFO] Writing OBR metadata
[INFO]
[INFO] ------------------------------------------------------------------------
[INFO] Building SECSTO DataStore for S3 1.7-SNAPSHOT
[INFO] ------------------------------------------------------------------------
[INFO]
[INFO] --- maven-clean-plugin:2.5:clean (default-clean) @ ccp-secsto-datastore-s3 ---
[INFO] Deleting C:\Users\navargab\Desktop\Projects\secsto\secsto-datastores3\target
[INFO]
[INFO] --- cobertura-maven-plugin:2.6:clean (clean) @ ccp-secsto-datastore-s3 ---
[INFO]
[INFO] --- maven-resources-plugin:2.5:resources (default-resources) @ ccp-secsto-datastore-s3 ---
[debug] execute contextualize
[INFO] Using 'UTF-8' encoding to copy filtered resources.
[INFO] skip non existing resourceDirectory C:\Users\navargab\Desktop\Projects\secsto\secsto-datastores3\src\main\resources
[INFO]
[INFO] --- maven-compiler-plugin:2.5.1:compile (default-compile) @ ccp-secsto-datastore-s3 ---
[INFO] Compiling 4 source files to C:\Users\navargab\Desktop\Projects\secsto\secsto-datastores3\target\classes
[INFO]
[INFO] --- maven-compiler-plugin:2.5.1:testCompile (java-1.7-compile) @ ccp-secsto-datastore-s3 ---
[INFO] Compiling 13 source files to C:\Users\navargab\Desktop\Projects\secsto\secsto-datastores3\target\test-classes
[INFO]
[INFO] --- maven-resources-plugin:2.5:testResources (default-testResources) @ ccp-secsto-datastore-s3 ---
[debug] execute contextualize
[INFO] Using 'UTF-8' encoding to copy filtered resources.
[INFO] Copying 10 resources
[INFO]
[INFO] --- maven-compiler-plugin:2.5.1:testCompile (default-testCompile) @ ccp-secsto-datastore-s3 ---
[INFO] Nothing to compile - all classes are up to date
[INFO]
[INFO] --- maven-surefire-plugin:2.12:test (default-test) @ ccp-secsto-datastore-s3 ---
[INFO] Surefire report directory: C:\Users\navargab\Desktop\Projects\secsto\secsto-datastores3\target\surefire-reports

-------------------------------------------------------
 T E S T S
-------------------------------------------------------
Running com.hp.ccp.secsto.testdss3.DsS3Test1
Tests run: 1, Failures: 0, Errors: 1, Skipped: 0, Time elapsed: 0.868 sec <<< FAILURE!
2015-11-16 17:10:08 INFO  coreutil.TempFileUtil:24 - TempFileUtil shutdown routine:
2015-11-16 17:10:08 INFO  coreutil.TempFileUtil:96 -
---------------
2015-11-16 17:10:08 INFO  coreutil.TempFileUtil:97 - 1 temp files not deleted.
2015-11-16 17:10:08 INFO  coreutil.TempFileUtil:100 - C:\Users\navargab\Desktop\Projects\secsto\secsto-datastores3\.\secstotemp\master.keydbd4985a-bd3b-4750-bb5b-9a3172f134ad <-- com.hp.ccp.secsto.testcore.TestUtils.genMasterKey
2015-11-16 17:10:08 INFO  coreutil.TempFileUtil:102 - ---------------

Java HotSpot(TM) 64-Bit Server VM warning: ignoring option UseSplitVerifier; support was removed in 8.0

Results :

Tests in error:
  initializationError(com.hp.ccp.secsto.testdss3.DsS3Test1): com.fasterxml.jackson.core.JsonFactory.requiresPropertyOrdering()Z

Tests run: 1, Failures: 0, Errors: 1, Skipped: 0

[INFO] ------------------------------------------------------------------------
[INFO] Reactor Summary:
[INFO]
[INFO] SECSTO Build Configuration ......................... SUCCESS [  0.856 s]
[INFO] SECSTO Build Tools ................................. SUCCESS [  1.146 s]
[INFO] SECSTO Core API .................................... SUCCESS [  3.072 s]
[INFO] SECSTO Core ........................................ SUCCESS [  2.945 s]
[INFO] SECSTO TEST CORE ................................... SUCCESS [  1.810 s]
[INFO] SECSTO DataStore for File System ................... SUCCESS [ 19.688 s]
[INFO] SECSTO DataStore for HP Swift ...................... SUCCESS [  3.950 s]
[INFO] SECSTO DataStore for S3 ............................ FAILURE [  3.255 s]
[INFO] SECSTO Demos ....................................... SKIPPED
[INFO] SECSTO library exporter ............................ SKIPPED
[INFO] SECSTO Test Coverage ............................... SKIPPED
[INFO] ------------------------------------------------------------------------
[INFO] BUILD FAILURE
[INFO] ------------------------------------------------------------------------
[INFO] Total time: 37.412 s
[INFO] Finished at: 2015-11-16T17:10:08-02:00
[INFO] Final Memory: 55M/1490M
[INFO] ------------------------------------------------------------------------
[ERROR] Failed to execute goal org.apache.maven.plugins:maven-surefire-plugin:2.12:test (default-test) on project ccp-secsto-datastore-s3: There are test failures.
[ERROR]
[ERROR] Please refer to C:\Users\navargab\Desktop\Projects\secsto\secsto-datastores3\target\surefire-reports for the individual test results.
[ERROR] -> [Help 1]
[ERROR]
[ERROR] To see the full stack trace of the errors, re-run Maven with the -e switch.
[ERROR] Re-run Maven using the -X switch to enable full debug logging.
[ERROR]
[ERROR] For more information about the errors and possible solutions, please read the following articles:
[ERROR] [Help 1] http://cwiki.apache.org/confluence/display/MAVEN/MojoFailureException
[ERROR]
[ERROR] After correcting the problems, you can resume the build with the command















  1 -------------------------------------------------------------------------------^M
  2 Test set: com.hp.ccp.secsto.testdss3.DsS3Test1^M
  3 -------------------------------------------------------------------------------^M
  4 Tests run: 1, Failures: 0, Errors: 1, Skipped: 0, Time elapsed: 1.017 sec <<< FAILURE!
  5 initializationError(com.hp.ccp.secsto.testdss3.DsS3Test1)  Time elapsed: 0.002 sec  <<< ERROR!^M
  6 java.lang.NoSuchMethodError: com.fasterxml.jackson.core.JsonFactory.requiresPropertyOrdering()Z^M
  7         at com.fasterxml.jackson.databind.ObjectMapper.<init>(ObjectMapper.java:445)^M
  8         at com.fasterxml.jackson.databind.ObjectMapper.<init>(ObjectMapper.java:366)^M
  9         at com.hp.ccp.commons.datamarshal.JsonObjectMapper.<init>(JsonObjectMapper.java:17)^M
 10         at com.hp.ccp.commons.datamarshal.Json.<clinit>(Json.java:23)^M
 11         at com.hp.ccp.security.crypto.symmetric.keyManagement.MasterEncryptionKeyV2.toJSON(MasterEncryptionKeyV2.java:94)^M
 12         at com.hp.ccp.security.crypto.symmetric.keyManagement.MasterEncryptionKey.toJSON(MasterEncryptionKey.java:263)^M
 13         at com.hp.ccp.secsto.coreutil.MasterkeyGenerator.genMasterKey(MasterkeyGenerator.java:84)^M
 14         at com.hp.ccp.secsto.core.DataStoreFactoryImpl.genMasterKey(DataStoreFactoryImpl.java:117)^M
 15         at com.hp.ccp.secsto.testcore.TestUtils.genMasterKey(TestUtils.java:154)^M
 16         at com.hp.ccp.secsto.testdss3.DsS3Test1Base.createDataStore(DsS3Test1Base.java:105)^M
 17         at com.hp.ccp.secsto.testdss3.DsS3Test1Base.data(DsS3Test1Base.java:53)^M
 18         at com.hp.ccp.secsto.testdss3.DsS3Test1.data(DsS3Test1.java:60)^M
 19         at sun.reflect.NativeMethodAccessorImpl.invoke0(Native Method)^M
 20         at sun.reflect.NativeMethodAccessorImpl.invoke(NativeMethodAccessorImpl.java:62)^M
 21         at sun.reflect.DelegatingMethodAccessorImpl.invoke(DelegatingMethodAccessorImpl.java:43)^M
 22         at java.lang.reflect.Method.invoke(Method.java:497)^M
 23         at org.junit.runners.model.FrameworkMethod$1.runReflectiveCall(FrameworkMethod.java:45)^M
 24         at org.junit.internal.runners.model.ReflectiveCallable.run(ReflectiveCallable.java:15)^M
 25         at org.junit.runners.model.FrameworkMethod.invokeExplosively(FrameworkMethod.java:42)^M
 26         at org.junit.runners.Parameterized.getParametersList(Parameterized.java:149)^M
 27         at org.junit.runners.Parameterized.<init>(Parameterized.java:135)^M
 28         at sun.reflect.NativeConstructorAccessorImpl.newInstance0(Native Method)^M
 29         at sun.reflect.NativeConstructorAccessorImpl.newInstance(NativeConstructorAccessorImpl.java:62)^M
 30         at sun.reflect.DelegatingConstructorAccessorImpl.newInstance(DelegatingConstructorAccessorImpl.java:45)^M
 31         at java.lang.reflect.Constructor.newInstance(Constructor.java:422)^M
 32         at org.junit.internal.builders.AnnotatedBuilder.buildRunner(AnnotatedBuilder.java:31)^M
 33         at org.junit.internal.builders.AnnotatedBuilder.runnerForClass(AnnotatedBuilder.java:24)^M
 34         at org.junit.runners.model.RunnerBuilder.safeRunnerForClass(RunnerBuilder.java:57)^M
 35         at org.junit.internal.builders.AllDefaultPossibilitiesBuilder.runnerForClass(AllDefaultPossibilitiesBuilder.java:29)^M
 36         at org.junit.runners.model.RunnerBuilder.safeRunnerForClass(RunnerBuilder.java:57)^M
 37         at org.junit.internal.requests.ClassRequest.getRunner(ClassRequest.java:24)^M
 38         at org.apache.maven.surefire.junit4.JUnit4Provider.execute(JUnit4Provider.java:234)^M
 39         at org.apache.maven.surefire.junit4.JUnit4Provider.executeTestSet(JUnit4Provider.java:134)^M
 40         at org.apache.maven.surefire.junit4.JUnit4Provider.invoke(JUnit4Provider.java:113)^M
 41         at sun.reflect.NativeMethodAccessorImpl.invoke0(Native Method)^M
 42         at sun.reflect.NativeMethodAccessorImpl.invoke(NativeMethodAccessorImpl.java:62)^M
 43         at sun.reflect.DelegatingMethodAccessorImpl.invoke(DelegatingMethodAccessorImpl.java:43)^M
 44         at java.lang.reflect.Method.invoke(Method.java:497)^M
 45         at org.apache.maven.surefire.util.ReflectionUtils.invokeMethodWithArray(ReflectionUtils.java:189)^M
 46         at org.apache.maven.surefire.booter.ProviderFactory$ProviderProxy.invoke(ProviderFactory.java:165)^M
 47         at org.apache.maven.surefire.booter.ProviderFactory.invokeProvider(ProviderFactory.java:85)^M
 48         at org.apache.maven.surefire.booter.ForkedBooter.runSuitesInProcess(ForkedBooter.java:103)^M
 49         at org.apache.maven.surefire.booter.ForkedBooter.main(ForkedBooter.java:74)^M



